[ 2018-10-17T10:32:24+08:00 ][ sql ] [ DB ] CONNECT:[ UseTime:5.074955s ] mysql:host=rm-bp130l46o160s3sv9o.mysql.rds.aliyuncs.com;dbname=ly_admin;charset=utf8
[ 2018-10-17T10:32:24+08:00 ][ sql ] [ SQL ] SHOW TABLE STATUS LIKE 'banner' [ RunTime:0.035504s ]
[ 2018-10-17T10:32:24+08:00 ][ sql ] [ SQL ] SHOW TABLE STATUS LIKE 'fa_banner' [ RunTime:0.030629s ]
[ 2018-10-17T10:32:24+08:00 ][ sql ] [ SQL ] SELECT * FROM `information_schema`.`columns` WHERE TABLE_SCHEMA = 'ly_admin' AND table_name = 'fa_banner' ORDER BY ORDINAL_POSITION [ RunTime:0.036538s ]
[ 2018-10-17T10:32:30+08:00 ][ sql ] [ DB ] CONNECT:[ UseTime:5.078219s ] mysql:host=rm-bp130l46o160s3sv9o.mysql.rds.aliyuncs.com;dbname=ly_admin;charset=utf8
[ 2018-10-17T10:32:30+08:00 ][ sql ] [ SQL ] SHOW COLUMNS FROM `fa_auth_rule` [ RunTime:0.029421s ]
[ 2018-10-17T10:32:30+08:00 ][ sql ] [ SQL ] SELECT * FROM `fa_auth_rule` WHERE  `name` = 'banner' LIMIT 1 [ RunTime:0.025356s ]
[ 2018-10-17T10:32:30+08:00 ][ sql ] [ SQL ] INSERT INTO `fa_auth_rule` (`pid` , `name` , `title` , `icon` , `remark` , `ismenu` , `status` , `createtime` , `updatetime`) VALUES (0 , 'banner' , 'banner图' , 'fa fa-circle-o' , '' , 1 , 'normal' , 1539743550 , 1539743550) [ RunTime:0.064244s ]
[ 2018-10-17T10:32:30+08:00 ][ sql ] [ SQL ] SELECT `id` FROM `fa_auth_rule` WHERE  `name` = 'banner/index' LIMIT 1 [ RunTime:0.024526s ]
[ 2018-10-17T10:32:30+08:00 ][ sql ] [ SQL ] SELECT `id` FROM `fa_auth_rule` WHERE  `name` = 'banner/add' LIMIT 1 [ RunTime:0.024252s ]
[ 2018-10-17T10:32:30+08:00 ][ sql ] [ SQL ] SELECT `id` FROM `fa_auth_rule` WHERE  `name` = 'banner/edit' LIMIT 1 [ RunTime:0.025187s ]
[ 2018-10-17T10:32:30+08:00 ][ sql ] [ SQL ] SELECT `id` FROM `fa_auth_rule` WHERE  `name` = 'banner/del' LIMIT 1 [ RunTime:0.023290s ]
[ 2018-10-17T10:32:30+08:00 ][ sql ] [ SQL ] SELECT `id` FROM `fa_auth_rule` WHERE  `name` = 'banner/multi' LIMIT 1 [ RunTime:0.025685s ]
[ 2018-10-17T10:32:30+08:00 ][ sql ] [ SQL ] INSERT INTO `fa_auth_rule` (`id` , `pid` , `name` , `icon` , `title` , `ismenu` , `status` , `createtime` , `updatetime`) VALUES (NULL , 132 , 'banner/index' , 'fa fa-circle-o' , '查看' , 0 , 'normal' , 1539743550 , 1539743550) [ RunTime:0.025230s ]
[ 2018-10-17T10:32:30+08:00 ][ sql ] [ SQL ] INSERT INTO `fa_auth_rule` (`id` , `pid` , `name` , `icon` , `title` , `ismenu` , `status` , `createtime` , `updatetime`) VALUES (NULL , 132 , 'banner/add' , 'fa fa-circle-o' , '添加' , 0 , 'normal' , 1539743550 , 1539743550) [ RunTime:0.027569s ]
[ 2018-10-17T10:32:30+08:00 ][ sql ] [ SQL ] INSERT INTO `fa_auth_rule` (`id` , `pid` , `name` , `icon` , `title` , `ismenu` , `status` , `createtime` , `updatetime`) VALUES (NULL , 132 , 'banner/edit' , 'fa fa-circle-o' , '编辑' , 0 , 'normal' , 1539743550 , 1539743550) [ RunTime:0.027573s ]
[ 2018-10-17T10:32:30+08:00 ][ sql ] [ SQL ] INSERT INTO `fa_auth_rule` (`id` , `pid` , `name` , `icon` , `title` , `ismenu` , `status` , `createtime` , `updatetime`) VALUES (NULL , 132 , 'banner/del' , 'fa fa-circle-o' , '删除' , 0 , 'normal' , 1539743550 , 1539743550) [ RunTime:0.027572s ]
[ 2018-10-17T10:32:30+08:00 ][ sql ] [ SQL ] INSERT INTO `fa_auth_rule` (`id` , `pid` , `name` , `icon` , `title` , `ismenu` , `status` , `createtime` , `updatetime`) VALUES (NULL , 132 , 'banner/multi' , 'fa fa-circle-o' , '批量更新' , 0 , 'normal' , 1539743550 , 1539743550) [ RunTime:0.027422s ]
[ 2018-10-17T10:35:47+08:00 ][ sql ] [ DB ] CONNECT:[ UseTime:5.076294s ] mysql:host=rm-bp130l46o160s3sv9o.mysql.rds.aliyuncs.com;dbname=ly_admin;charset=utf8
[ 2018-10-17T10:35:47+08:00 ][ sql ] [ SQL ] SHOW TABLE STATUS LIKE 'banner' [ RunTime:0.035535s ]
[ 2018-10-17T10:35:47+08:00 ][ sql ] [ SQL ] SHOW TABLE STATUS LIKE 'fa_banner' [ RunTime:0.032506s ]
[ 2018-10-17T10:36:11+08:00 ][ sql ] [ DB ] CONNECT:[ UseTime:5.077701s ] mysql:host=rm-bp130l46o160s3sv9o.mysql.rds.aliyuncs.com;dbname=ly_admin;charset=utf8
[ 2018-10-17T10:36:11+08:00 ][ sql ] [ SQL ] SHOW TABLE STATUS LIKE 'banner' [ RunTime:0.047564s ]
[ 2018-10-17T10:36:11+08:00 ][ sql ] [ SQL ] SHOW TABLE STATUS LIKE 'fa_banner' [ RunTime:0.031595s ]
[ 2018-10-17T10:36:11+08:00 ][ sql ] [ SQL ] SELECT * FROM `information_schema`.`columns` WHERE TABLE_SCHEMA = 'ly_admin' AND table_name = 'fa_banner' ORDER BY ORDINAL_POSITION [ RunTime:0.028400s ]
[ 2018-10-17T10:36:16+08:00 ][ sql ] [ DB ] CONNECT:[ UseTime:5.103331s ] mysql:host=rm-bp130l46o160s3sv9o.mysql.rds.aliyuncs.com;dbname=ly_admin;charset=utf8
[ 2018-10-17T10:36:16+08:00 ][ sql ] [ SQL ] SHOW COLUMNS FROM `fa_auth_rule` [ RunTime:0.038721s ]
[ 2018-10-17T10:36:17+08:00 ][ sql ] [ SQL ] SELECT * FROM `fa_auth_rule` WHERE  `name` = 'banner' LIMIT 1 [ RunTime:0.029988s ]
[ 2018-10-17T10:36:17+08:00 ][ sql ] [ SQL ] SELECT `id` FROM `fa_auth_rule` WHERE  `name` = 'banner/index' LIMIT 1 [ RunTime:0.023396s ]
[ 2018-10-17T10:36:17+08:00 ][ sql ] [ SQL ] SELECT `id` FROM `fa_auth_rule` WHERE  `name` = 'banner/add' LIMIT 1 [ RunTime:0.023564s ]
[ 2018-10-17T10:36:17+08:00 ][ sql ] [ SQL ] SELECT `id` FROM `fa_auth_rule` WHERE  `name` = 'banner/edit' LIMIT 1 [ RunTime:0.024074s ]
[ 2018-10-17T10:36:17+08:00 ][ sql ] [ SQL ] SELECT `id` FROM `fa_auth_rule` WHERE  `name` = 'banner/del' LIMIT 1 [ RunTime:0.025322s ]
[ 2018-10-17T10:36:17+08:00 ][ sql ] [ SQL ] SELECT `id` FROM `fa_auth_rule` WHERE  `name` = 'banner/multi' LIMIT 1 [ RunTime:0.023654s ]
[ 2018-10-17T10:36:17+08:00 ][ sql ] [ SQL ] UPDATE `fa_auth_rule`  SET `pid`=132,`name`='banner/index',`icon`='fa fa-circle-o',`title`='查看',`ismenu`=0,`status`='normal',`updatetime`=1539743777  WHERE  `id` = 133 [ RunTime:0.056524s ]
[ 2018-10-17T10:36:17+08:00 ][ sql ] [ SQL ] UPDATE `fa_auth_rule`  SET `pid`=132,`name`='banner/add',`icon`='fa fa-circle-o',`title`='添加',`ismenu`=0,`status`='normal',`updatetime`=1539743777  WHERE  `id` = 134 [ RunTime:0.012193s ]
[ 2018-10-17T10:36:17+08:00 ][ sql ] [ SQL ] UPDATE `fa_auth_rule`  SET `pid`=132,`name`='banner/edit',`icon`='fa fa-circle-o',`title`='编辑',`ismenu`=0,`status`='normal',`updatetime`=1539743777  WHERE  `id` = 135 [ RunTime:0.011558s ]
[ 2018-10-17T10:36:17+08:00 ][ sql ] [ SQL ] UPDATE `fa_auth_rule`  SET `pid`=132,`name`='banner/del',`icon`='fa fa-circle-o',`title`='删除',`ismenu`=0,`status`='normal',`updatetime`=1539743777  WHERE  `id` = 136 [ RunTime:0.011863s ]
[ 2018-10-17T10:36:17+08:00 ][ sql ] [ SQL ] UPDATE `fa_auth_rule`  SET `pid`=132,`name`='banner/multi',`icon`='fa fa-circle-o',`title`='批量更新',`ismenu`=0,`status`='normal',`updatetime`=1539743777  WHERE  `id` = 137 [ RunTime:0.011481s ]
[ 2018-10-17T19:32:30+08:00 ][ sql ] [ DB ] CONNECT:[ UseTime:0.001851s ] mysql:host=localhost;dbname=lyzs;charset=utf8
[ 2018-10-17T19:32:30+08:00 ][ sql ] [ SQL ] SHOW TABLE STATUS LIKE 'team' [ RunTime:0.000973s ]
[ 2018-10-17T19:32:30+08:00 ][ sql ] [ SQL ] SHOW TABLE STATUS LIKE 'fa_team' [ RunTime:0.000595s ]
[ 2018-10-17T19:32:30+08:00 ][ sql ] [ SQL ] SELECT * FROM `information_schema`.`columns` WHERE TABLE_SCHEMA = 'lyzs' AND table_name = 'fa_team' ORDER BY ORDINAL_POSITION [ RunTime:0.002004s ]
[ 2018-10-17T19:32:48+08:00 ][ sql ] [ DB ] CONNECT:[ UseTime:0.000989s ] mysql:host=localhost;dbname=lyzs;charset=utf8
[ 2018-10-17T19:32:48+08:00 ][ sql ] [ SQL ] SHOW TABLE STATUS LIKE 'team' [ RunTime:0.000817s ]
[ 2018-10-17T19:32:48+08:00 ][ sql ] [ SQL ] SHOW TABLE STATUS LIKE 'fa_team' [ RunTime:0.000979s ]
[ 2018-10-17T19:32:53+08:00 ][ sql ] [ DB ] CONNECT:[ UseTime:0.000860s ] mysql:host=localhost;dbname=lyzs;charset=utf8
[ 2018-10-17T19:32:53+08:00 ][ sql ] [ SQL ] SHOW TABLE STATUS LIKE 'Team' [ RunTime:0.000974s ]
[ 2018-10-17T19:32:53+08:00 ][ sql ] [ SQL ] SHOW TABLE STATUS LIKE 'fa_Team' [ RunTime:0.000704s ]
[ 2018-10-17T19:33:16+08:00 ][ sql ] [ DB ] CONNECT:[ UseTime:0.000897s ] mysql:host=localhost;dbname=lyzs;charset=utf8
[ 2018-10-17T19:33:16+08:00 ][ sql ] [ SQL ] SHOW TABLE STATUS LIKE 'team' [ RunTime:0.000803s ]
[ 2018-10-17T19:33:16+08:00 ][ sql ] [ SQL ] SHOW TABLE STATUS LIKE 'fa_team' [ RunTime:0.000706s ]
[ 2018-10-17T19:34:36+08:00 ][ sql ] [ DB ] CONNECT:[ UseTime:0.001034s ] mysql:host=localhost;dbname=lyzs;charset=utf8
[ 2018-10-17T19:34:36+08:00 ][ sql ] [ SQL ] SHOW TABLE STATUS LIKE 'test' [ RunTime:0.001279s ]
[ 2018-10-17T19:34:36+08:00 ][ sql ] [ SQL ] SHOW TABLE STATUS LIKE 'fa_test' [ RunTime:0.002009s ]
[ 2018-10-17T19:34:36+08:00 ][ sql ] [ SQL ] SELECT * FROM `information_schema`.`columns` WHERE TABLE_SCHEMA = 'lyzs' AND table_name = 'fa_test' ORDER BY ORDINAL_POSITION [ RunTime:0.003647s ]
[ 2018-10-17T19:34:48+08:00 ][ sql ] [ DB ] CONNECT:[ UseTime:0.000981s ] mysql:host=localhost;dbname=lyzs;charset=utf8
[ 2018-10-17T19:34:48+08:00 ][ sql ] [ SQL ] SHOW TABLE STATUS LIKE 'team' [ RunTime:0.000895s ]
[ 2018-10-17T19:34:48+08:00 ][ sql ] [ SQL ] SHOW TABLE STATUS LIKE 'fa_team' [ RunTime:0.000643s ]
[ 2018-10-17T19:35:33+08:00 ][ sql ] [ DB ] CONNECT:[ UseTime:0.000809s ] mysql:host=localhost;dbname=lyzs;charset=utf8
[ 2018-10-17T19:35:33+08:00 ][ sql ] [ SQL ] SHOW TABLE STATUS LIKE 'team' [ RunTime:0.000719s ]
[ 2018-10-17T19:35:33+08:00 ][ sql ] [ SQL ] SHOW TABLE STATUS LIKE 'fa_team' [ RunTime:0.000632s ]
[ 2018-10-17T19:35:45+08:00 ][ sql ] [ DB ] CONNECT:[ UseTime:0.000921s ] mysql:host=localhost;dbname=lyzs;charset=utf8
[ 2018-10-17T19:35:45+08:00 ][ sql ] [ SQL ] SHOW TABLE STATUS LIKE 'team' [ RunTime:0.000808s ]
[ 2018-10-17T19:35:45+08:00 ][ sql ] [ SQL ] SHOW TABLE STATUS LIKE 'fa_team' [ RunTime:0.000706s ]
[ 2018-10-17T19:35:51+08:00 ][ sql ] [ DB ] CONNECT:[ UseTime:0.000858s ] mysql:host=localhost;dbname=lyzs;charset=utf8
[ 2018-10-17T19:35:51+08:00 ][ sql ] [ SQL ] SHOW TABLE STATUS LIKE 'team' [ RunTime:0.000844s ]
[ 2018-10-17T19:35:51+08:00 ][ sql ] [ SQL ] SHOW TABLE STATUS LIKE 'fa_team' [ RunTime:0.000702s ]
[ 2018-10-17T19:35:51+08:00 ][ sql ] [ SQL ] SELECT * FROM `information_schema`.`columns` WHERE TABLE_SCHEMA = 'lyzs' AND table_name = 'fa_team' ORDER BY ORDINAL_POSITION [ RunTime:0.002241s ]
[ 2018-10-17T19:37:54+08:00 ][ sql ] [ DB ] CONNECT:[ UseTime:0.000993s ] mysql:host=localhost;dbname=lyzs;charset=utf8
[ 2018-10-17T19:37:54+08:00 ][ sql ] [ SQL ] SHOW COLUMNS FROM `fa_auth_rule` [ RunTime:0.002270s ]
[ 2018-10-17T19:37:54+08:00 ][ sql ] [ SQL ] SELECT * FROM `fa_auth_rule` WHERE  `name` = 'test' LIMIT 1 [ RunTime:0.001485s ]
[ 2018-10-17T19:37:54+08:00 ][ sql ] [ SQL ] INSERT INTO `fa_auth_rule` (`pid` , `name` , `title` , `icon` , `remark` , `ismenu` , `status` , `createtime` , `updatetime`) VALUES (0 , 'test' , '测试管理' , 'fa fa-circle-o' , '' , 1 , 'normal' , 1539776274 , 1539776274) [ RunTime:0.003860s ]
[ 2018-10-17T19:37:54+08:00 ][ sql ] [ SQL ] SELECT `id` FROM `fa_auth_rule` WHERE  `name` = 'test/index' LIMIT 1 [ RunTime:0.000446s ]
[ 2018-10-17T19:37:54+08:00 ][ sql ] [ SQL ] SELECT `id` FROM `fa_auth_rule` WHERE  `name` = 'test/add' LIMIT 1 [ RunTime:0.000407s ]
[ 2018-10-17T19:37:54+08:00 ][ sql ] [ SQL ] SELECT `id` FROM `fa_auth_rule` WHERE  `name` = 'test/edit' LIMIT 1 [ RunTime:0.000459s ]
[ 2018-10-17T19:37:54+08:00 ][ sql ] [ SQL ] SELECT `id` FROM `fa_auth_rule` WHERE  `name` = 'test/del' LIMIT 1 [ RunTime:0.000371s ]
[ 2018-10-17T19:37:54+08:00 ][ sql ] [ SQL ] SELECT `id` FROM `fa_auth_rule` WHERE  `name` = 'test/multi' LIMIT 1 [ RunTime:0.000364s ]
[ 2018-10-17T19:37:54+08:00 ][ sql ] [ SQL ] INSERT INTO `fa_auth_rule` (`id` , `pid` , `name` , `icon` , `title` , `ismenu` , `status` , `createtime` , `updatetime`) VALUES (NULL , 138 , 'test/index' , 'fa fa-circle-o' , '查看' , 0 , 'normal' , 1539776274 , 1539776274) [ RunTime:0.000420s ]
[ 2018-10-17T19:37:54+08:00 ][ sql ] [ SQL ] INSERT INTO `fa_auth_rule` (`id` , `pid` , `name` , `icon` , `title` , `ismenu` , `status` , `createtime` , `updatetime`) VALUES (NULL , 138 , 'test/add' , 'fa fa-circle-o' , '添加' , 0 , 'normal' , 1539776274 , 1539776274) [ RunTime:0.000189s ]
[ 2018-10-17T19:37:54+08:00 ][ sql ] [ SQL ] INSERT INTO `fa_auth_rule` (`id` , `pid` , `name` , `icon` , `title` , `ismenu` , `status` , `createtime` , `updatetime`) VALUES (NULL , 138 , 'test/edit' , 'fa fa-circle-o' , '编辑' , 0 , 'normal' , 1539776274 , 1539776274) [ RunTime:0.000195s ]
[ 2018-10-17T19:37:54+08:00 ][ sql ] [ SQL ] INSERT INTO `fa_auth_rule` (`id` , `pid` , `name` , `icon` , `title` , `ismenu` , `status` , `createtime` , `updatetime`) VALUES (NULL , 138 , 'test/del' , 'fa fa-circle-o' , '删除' , 0 , 'normal' , 1539776274 , 1539776274) [ RunTime:0.000206s ]
[ 2018-10-17T19:37:54+08:00 ][ sql ] [ SQL ] INSERT INTO `fa_auth_rule` (`id` , `pid` , `name` , `icon` , `title` , `ismenu` , `status` , `createtime` , `updatetime`) VALUES (NULL , 138 , 'test/multi' , 'fa fa-circle-o' , '批量更新' , 0 , 'normal' , 1539776274 , 1539776274) [ RunTime:0.000327s ]
[ 2018-10-17T19:38:41+08:00 ][ sql ] [ DB ] CONNECT:[ UseTime:0.000822s ] mysql:host=localhost;dbname=lyzs;charset=utf8
[ 2018-10-17T19:38:41+08:00 ][ sql ] [ SQL ] SHOW COLUMNS FROM `fa_auth_rule` [ RunTime:0.001985s ]
[ 2018-10-17T19:38:41+08:00 ][ sql ] [ SQL ] SELECT * FROM `fa_auth_rule` WHERE  (  `name` LIKE 'test%' ) [ RunTime:0.001054s ]
[ 2018-10-17T19:48:51+08:00 ][ sql ] [ DB ] CONNECT:[ UseTime:0.000828s ] mysql:host=localhost;dbname=lyzs;charset=utf8
[ 2018-10-17T19:48:51+08:00 ][ sql ] [ SQL ] SHOW TABLE STATUS LIKE 'team/team' [ RunTime:0.000736s ]
[ 2018-10-17T19:48:51+08:00 ][ sql ] [ SQL ] SHOW TABLE STATUS LIKE 'fa_team/team' [ RunTime:0.000556s ]
[ 2018-10-17T19:49:17+08:00 ][ sql ] [ DB ] CONNECT:[ UseTime:0.000924s ] mysql:host=localhost;dbname=lyzs;charset=utf8
[ 2018-10-17T19:49:17+08:00 ][ sql ] [ SQL ] SHOW TABLE STATUS LIKE 'team/fa_team' [ RunTime:0.000780s ]
[ 2018-10-17T19:49:17+08:00 ][ sql ] [ SQL ] SHOW TABLE STATUS LIKE 'fa_team/fa_team' [ RunTime:0.000573s ]
[ 2018-10-17T19:51:55+08:00 ][ sql ] [ DB ] CONNECT:[ UseTime:0.000872s ] mysql:host=localhost;dbname=lyzs;charset=utf8
[ 2018-10-17T19:51:55+08:00 ][ sql ] [ SQL ] SHOW TABLE STATUS LIKE 'team/team' [ RunTime:0.000764s ]
[ 2018-10-17T19:51:55+08:00 ][ sql ] [ SQL ] SHOW TABLE STATUS LIKE 'fa_team/team' [ RunTime:0.000607s ]
[ 2018-10-17T19:53:20+08:00 ][ sql ] [ DB ] CONNECT:[ UseTime:0.000940s ] mysql:host=localhost;dbname=lyzs;charset=utf8
[ 2018-10-17T19:53:20+08:00 ][ sql ] [ SQL ] SHOW TABLE STATUS LIKE 'test' [ RunTime:0.000909s ]
[ 2018-10-17T19:53:20+08:00 ][ sql ] [ SQL ] SHOW TABLE STATUS LIKE 'fa_test' [ RunTime:0.000688s ]
[ 2018-10-17T19:53:27+08:00 ][ sql ] [ DB ] CONNECT:[ UseTime:0.000946s ] mysql:host=localhost;dbname=lyzs;charset=utf8
[ 2018-10-17T19:53:27+08:00 ][ sql ] [ SQL ] SHOW TABLE STATUS LIKE 'test' [ RunTime:0.000728s ]
[ 2018-10-17T19:53:27+08:00 ][ sql ] [ SQL ] SHOW TABLE STATUS LIKE 'fa_test' [ RunTime:0.000528s ]
[ 2018-10-17T19:54:04+08:00 ][ sql ] [ DB ] CONNECT:[ UseTime:0.000874s ] mysql:host=localhost;dbname=lyzs;charset=utf8
[ 2018-10-17T19:54:04+08:00 ][ sql ] [ SQL ] SHOW TABLE STATUS LIKE 'test' [ RunTime:0.000715s ]
[ 2018-10-17T19:54:04+08:00 ][ sql ] [ SQL ] SHOW TABLE STATUS LIKE 'fa_test' [ RunTime:0.000627s ]
[ 2018-10-17T19:54:04+08:00 ][ sql ] [ SQL ] SELECT * FROM `information_schema`.`columns` WHERE TABLE_SCHEMA = 'lyzs' AND table_name = 'fa_test' ORDER BY ORDINAL_POSITION [ RunTime:0.003094s ]
[ 2018-10-17T19:54:47+08:00 ][ sql ] [ DB ] CONNECT:[ UseTime:0.000886s ] mysql:host=localhost;dbname=lyzs;charset=utf8
[ 2018-10-17T19:54:47+08:00 ][ sql ] [ SQL ] SHOW TABLE STATUS LIKE 'test' [ RunTime:0.000707s ]
[ 2018-10-17T19:54:47+08:00 ][ sql ] [ SQL ] SHOW TABLE STATUS LIKE 'fa_test' [ RunTime:0.000640s ]
[ 2018-10-17T19:54:55+08:00 ][ sql ] [ DB ] CONNECT:[ UseTime:0.000973s ] mysql:host=localhost;dbname=lyzs;charset=utf8
[ 2018-10-17T19:54:55+08:00 ][ sql ] [ SQL ] SHOW TABLE STATUS LIKE 'test' [ RunTime:0.000780s ]
[ 2018-10-17T19:54:55+08:00 ][ sql ] [ SQL ] SHOW TABLE STATUS LIKE 'fa_test' [ RunTime:0.000583s ]
[ 2018-10-17T19:55:15+08:00 ][ sql ] [ DB ] CONNECT:[ UseTime:0.000820s ] mysql:host=localhost;dbname=lyzs;charset=utf8
[ 2018-10-17T19:55:15+08:00 ][ sql ] [ SQL ] SHOW TABLE STATUS LIKE 'test' [ RunTime:0.001626s ]
[ 2018-10-17T19:55:15+08:00 ][ sql ] [ SQL ] SHOW TABLE STATUS LIKE 'fa_test' [ RunTime:0.001019s ]
[ 2018-10-17T19:55:30+08:00 ][ sql ] [ DB ] CONNECT:[ UseTime:0.000874s ] mysql:host=localhost;dbname=lyzs;charset=utf8
[ 2018-10-17T19:55:30+08:00 ][ sql ] [ SQL ] SHOW TABLE STATUS LIKE 'test' [ RunTime:0.000785s ]
[ 2018-10-17T19:55:30+08:00 ][ sql ] [ SQL ] SHOW TABLE STATUS LIKE 'fa_test' [ RunTime:0.000658s ]
[ 2018-10-17T19:55:30+08:00 ][ sql ] [ SQL ] SELECT * FROM `information_schema`.`columns` WHERE TABLE_SCHEMA = 'lyzs' AND table_name = 'fa_test' ORDER BY ORDINAL_POSITION [ RunTime:0.002906s ]
[ 2018-10-17T20:06:16+08:00 ][ sql ] [ DB ] CONNECT:[ UseTime:0.000948s ] mysql:host=localhost;dbname=lyzs;charset=utf8
[ 2018-10-17T20:06:16+08:00 ][ sql ] [ SQL ] SHOW COLUMNS FROM `fa_auth_rule` [ RunTime:0.002862s ]
[ 2018-10-17T20:06:16+08:00 ][ sql ] [ SQL ] SELECT * FROM `fa_auth_rule` WHERE  (  `name` LIKE 'test%' ) [ RunTime:0.000557s ]
[ 2018-10-17T20:06:19+08:00 ][ sql ] [ SQL ] SELECT * FROM `fa_auth_rule` WHERE  `id` IN (138,140,142,141,139,143) [ RunTime:0.000935s ]
[ 2018-10-17T20:06:19+08:00 ][ sql ] [ SQL ] DELETE FROM `fa_auth_rule`    WHERE  `id` = 138 [ RunTime:0.000839s ]
[ 2018-10-17T20:06:19+08:00 ][ sql ] [ SQL ] DELETE FROM `fa_auth_rule`    WHERE  `id` = 139 [ RunTime:0.000401s ]
[ 2018-10-17T20:06:19+08:00 ][ sql ] [ SQL ] DELETE FROM `fa_auth_rule`    WHERE  `id` = 140 [ RunTime:0.000332s ]
[ 2018-10-17T20:06:19+08:00 ][ sql ] [ SQL ] DELETE FROM `fa_auth_rule`    WHERE  `id` = 141 [ RunTime:0.000350s ]
[ 2018-10-17T20:06:19+08:00 ][ sql ] [ SQL ] DELETE FROM `fa_auth_rule`    WHERE  `id` = 142 [ RunTime:0.000376s ]
[ 2018-10-17T20:06:19+08:00 ][ sql ] [ SQL ] DELETE FROM `fa_auth_rule`    WHERE  `id` = 143 [ RunTime:0.000431s ]
[ 2018-10-17T20:07:42+08:00 ][ sql ] [ DB ] CONNECT:[ UseTime:0.000862s ] mysql:host=localhost;dbname=lyzs;charset=utf8
[ 2018-10-17T20:07:42+08:00 ][ sql ] [ SQL ] SHOW COLUMNS FROM `fa_auth_rule` [ RunTime:0.002151s ]
[ 2018-10-17T20:07:42+08:00 ][ sql ] [ SQL ] SELECT * FROM `fa_auth_rule` WHERE  (  `name` LIKE 'banner%' ) [ RunTime:0.000707s ]
[ 2018-10-17T20:07:43+08:00 ][ sql ] [ SQL ] SELECT * FROM `fa_auth_rule` WHERE  `id` IN (132,134,136,135,133,137) [ RunTime:0.000881s ]
[ 2018-10-17T20:07:43+08:00 ][ sql ] [ SQL ] DELETE FROM `fa_auth_rule`    WHERE  `id` = 132 [ RunTime:0.000817s ]
[ 2018-10-17T20:07:43+08:00 ][ sql ] [ SQL ] DELETE FROM `fa_auth_rule`    WHERE  `id` = 133 [ RunTime:0.000359s ]
[ 2018-10-17T20:07:43+08:00 ][ sql ] [ SQL ] DELETE FROM `fa_auth_rule`    WHERE  `id` = 134 [ RunTime:0.000374s ]
[ 2018-10-17T20:07:43+08:00 ][ sql ] [ SQL ] DELETE FROM `fa_auth_rule`    WHERE  `id` = 135 [ RunTime:0.000359s ]
[ 2018-10-17T20:07:43+08:00 ][ sql ] [ SQL ] DELETE FROM `fa_auth_rule`    WHERE  `id` = 136 [ RunTime:0.000375s ]
[ 2018-10-17T20:07:43+08:00 ][ sql ] [ SQL ] DELETE FROM `fa_auth_rule`    WHERE  `id` = 137 [ RunTime:0.000427s ]
[ 2018-10-17T20:09:25+08:00 ][ sql ] [ DB ] CONNECT:[ UseTime:0.000924s ] mysql:host=localhost;dbname=lyzs;charset=utf8
[ 2018-10-17T20:09:25+08:00 ][ sql ] [ SQL ] SHOW TABLE STATUS LIKE 'team' [ RunTime:0.000704s ]
[ 2018-10-17T20:09:25+08:00 ][ sql ] [ SQL ] SHOW TABLE STATUS LIKE 'fa_team' [ RunTime:0.000769s ]
[ 2018-10-17T20:09:39+08:00 ][ sql ] [ DB ] CONNECT:[ UseTime:0.000824s ] mysql:host=localhost;dbname=lyzs;charset=utf8
[ 2018-10-17T20:09:39+08:00 ][ sql ] [ SQL ] SHOW TABLE STATUS LIKE 'team' [ RunTime:0.000701s ]
[ 2018-10-17T20:09:39+08:00 ][ sql ] [ SQL ] SHOW TABLE STATUS LIKE 'fa_team' [ RunTime:0.000616s ]
[ 2018-10-17T20:09:39+08:00 ][ sql ] [ SQL ] SELECT * FROM `information_schema`.`columns` WHERE TABLE_SCHEMA = 'lyzs' AND table_name = 'fa_team' ORDER BY ORDINAL_POSITION [ RunTime:0.002393s ]
[ 2018-10-17T20:10:36+08:00 ][ sql ] [ DB ] CONNECT:[ UseTime:0.000800s ] mysql:host=localhost;dbname=lyzs;charset=utf8
[ 2018-10-17T20:10:36+08:00 ][ sql ] [ SQL ] SHOW TABLE STATUS LIKE 'team' [ RunTime:0.000754s ]
[ 2018-10-17T20:10:36+08:00 ][ sql ] [ SQL ] SHOW TABLE STATUS LIKE 'fa_team' [ RunTime:0.000609s ]
[ 2018-10-17T20:10:36+08:00 ][ sql ] [ SQL ] SELECT * FROM `information_schema`.`columns` WHERE TABLE_SCHEMA = 'lyzs' AND table_name = 'fa_team' ORDER BY ORDINAL_POSITION [ RunTime:0.002474s ]
[ 2018-10-17T20:11:21+08:00 ][ sql ] [ DB ] CONNECT:[ UseTime:0.000927s ] mysql:host=localhost;dbname=lyzs;charset=utf8
[ 2018-10-17T20:11:21+08:00 ][ sql ] [ SQL ] SHOW TABLE STATUS LIKE 'team' [ RunTime:0.000864s ]
[ 2018-10-17T20:11:21+08:00 ][ sql ] [ SQL ] SHOW TABLE STATUS LIKE 'fa_team' [ RunTime:0.001079s ]
[ 2018-10-17T20:11:21+08:00 ][ sql ] [ SQL ] SELECT * FROM `information_schema`.`columns` WHERE TABLE_SCHEMA = 'lyzs' AND table_name = 'fa_team' ORDER BY ORDINAL_POSITION [ RunTime:0.002811s ]
[ 2018-10-17T20:12:00+08:00 ][ sql ] [ DB ] CONNECT:[ UseTime:0.001962s ] mysql:host=127.0.0.1;dbname=lyzs;charset=utf8
[ 2018-10-17T20:12:00+08:00 ][ sql ] [ SQL ] SHOW TABLE STATUS LIKE 'team' [ RunTime:0.000825s ]
[ 2018-10-17T20:12:00+08:00 ][ sql ] [ SQL ] SHOW TABLE STATUS LIKE 'fa_team' [ RunTime:0.000683s ]
[ 2018-10-17T20:12:00+08:00 ][ sql ] [ SQL ] SELECT * FROM `information_schema`.`columns` WHERE TABLE_SCHEMA = 'lyzs' AND table_name = 'fa_team' ORDER BY ORDINAL_POSITION [ RunTime:0.002402s ]
[ 2018-10-17T20:12:00+08:00 ][ sql ] [ DB ] CONNECT:[ UseTime:0.002395s ] mysql:host=127.0.0.1;dbname=lyzs;charset=utf8
[ 2018-10-17T20:12:00+08:00 ][ sql ] [ SQL ] SHOW COLUMNS FROM `fa_auth_rule` [ RunTime:0.004167s ]
[ 2018-10-17T20:12:00+08:00 ][ sql ] [ SQL ] SELECT * FROM `fa_auth_rule` WHERE  `name` = 'team' LIMIT 1 [ RunTime:0.000882s ]
[ 2018-10-17T20:12:00+08:00 ][ sql ] [ SQL ] INSERT INTO `fa_auth_rule` (`pid` , `name` , `title` , `icon` , `remark` , `ismenu` , `status` , `createtime` , `updatetime`) VALUES (0 , 'team' , 'team' , 'fa fa-list' , '' , 1 , 'normal' , 1539778320 , 1539778320) [ RunTime:0.000911s ]
[ 2018-10-17T20:12:00+08:00 ][ sql ] [ SQL ] SELECT * FROM `fa_auth_rule` WHERE  `name` = 'team/team' LIMIT 1 [ RunTime:0.000579s ]
[ 2018-10-17T20:12:00+08:00 ][ sql ] [ SQL ] INSERT INTO `fa_auth_rule` (`pid` , `name` , `title` , `icon` , `remark` , `ismenu` , `status` , `createtime` , `updatetime`) VALUES (132 , 'team/team' , '设计团队' , 'fa fa-circle-o' , '' , 1 , 'normal' , 1539778320 , 1539778320) [ RunTime:0.000722s ]
[ 2018-10-17T20:12:00+08:00 ][ sql ] [ SQL ] SELECT `id` FROM `fa_auth_rule` WHERE  `name` = 'team/team/index' LIMIT 1 [ RunTime:0.000338s ]
[ 2018-10-17T20:12:00+08:00 ][ sql ] [ SQL ] SELECT `id` FROM `fa_auth_rule` WHERE  `name` = 'team/team/add' LIMIT 1 [ RunTime:0.000352s ]
[ 2018-10-17T20:12:00+08:00 ][ sql ] [ SQL ] SELECT `id` FROM `fa_auth_rule` WHERE  `name` = 'team/team/edit' LIMIT 1 [ RunTime:0.000293s ]
[ 2018-10-17T20:12:00+08:00 ][ sql ] [ SQL ] SELECT `id` FROM `fa_auth_rule` WHERE  `name` = 'team/team/del' LIMIT 1 [ RunTime:0.000299s ]
[ 2018-10-17T20:12:00+08:00 ][ sql ] [ SQL ] SELECT `id` FROM `fa_auth_rule` WHERE  `name` = 'team/team/multi' LIMIT 1 [ RunTime:0.000312s ]
[ 2018-10-17T20:12:00+08:00 ][ sql ] [ SQL ] INSERT INTO `fa_auth_rule` (`id` , `pid` , `name` , `icon` , `title` , `ismenu` , `status` , `createtime` , `updatetime`) VALUES (NULL , 133 , 'team/team/index' , 'fa fa-circle-o' , '查看' , 0 , 'normal' , 1539778320 , 1539778320) [ RunTime:0.000332s ]
[ 2018-10-17T20:12:00+08:00 ][ sql ] [ SQL ] INSERT INTO `fa_auth_rule` (`id` , `pid` , `name` , `icon` , `title` , `ismenu` , `status` , `createtime` , `updatetime`) VALUES (NULL , 133 , 'team/team/add' , 'fa fa-circle-o' , '添加' , 0 , 'normal' , 1539778320 , 1539778320) [ RunTime:0.000176s ]
[ 2018-10-17T20:12:00+08:00 ][ sql ] [ SQL ] INSERT INTO `fa_auth_rule` (`id` , `pid` , `name` , `icon` , `title` , `ismenu` , `status` , `createtime` , `updatetime`) VALUES (NULL , 133 , 'team/team/edit' , 'fa fa-circle-o' , '编辑' , 0 , 'normal' , 1539778320 , 1539778320) [ RunTime:0.000155s ]
[ 2018-10-17T20:12:00+08:00 ][ sql ] [ SQL ] INSERT INTO `fa_auth_rule` (`id` , `pid` , `name` , `icon` , `title` , `ismenu` , `status` , `createtime` , `updatetime`) VALUES (NULL , 133 , 'team/team/del' , 'fa fa-circle-o' , '删除' , 0 , 'normal' , 1539778320 , 1539778320) [ RunTime:0.000141s ]
[ 2018-10-17T20:12:00+08:00 ][ sql ] [ SQL ] INSERT INTO `fa_auth_rule` (`id` , `pid` , `name` , `icon` , `title` , `ismenu` , `status` , `createtime` , `updatetime`) VALUES (NULL , 133 , 'team/team/multi' , 'fa fa-circle-o' , '批量更新' , 0 , 'normal' , 1539778320 , 1539778320) [ RunTime:0.000140s ]
[ 2018-10-17T20:15:58+08:00 ][ sql ] [ DB ] CONNECT:[ UseTime:0.001279s ] mysql:host=127.0.0.1;dbname=lyzs;charset=utf8
[ 2018-10-17T20:15:58+08:00 ][ sql ] [ SQL ] SHOW TABLE STATUS LIKE 'team_door' [ RunTime:0.000860s ]
[ 2018-10-17T20:15:58+08:00 ][ sql ] [ SQL ] SHOW TABLE STATUS LIKE 'fa_team_door' [ RunTime:0.000699s ]
[ 2018-10-17T20:15:58+08:00 ][ sql ] [ SQL ] SELECT * FROM `information_schema`.`columns` WHERE TABLE_SCHEMA = 'lyzs' AND table_name = 'fa_team_door' ORDER BY ORDINAL_POSITION [ RunTime:0.002130s ]
[ 2018-10-17T20:15:58+08:00 ][ sql ] [ DB ] CONNECT:[ UseTime:0.001157s ] mysql:host=127.0.0.1;dbname=lyzs;charset=utf8
[ 2018-10-17T20:15:58+08:00 ][ sql ] [ SQL ] SHOW COLUMNS FROM `fa_auth_rule` [ RunTime:0.001952s ]
[ 2018-10-17T20:15:58+08:00 ][ sql ] [ SQL ] SELECT * FROM `fa_auth_rule` WHERE  `name` = 'team' LIMIT 1 [ RunTime:0.000618s ]
[ 2018-10-17T20:15:58+08:00 ][ sql ] [ SQL ] SELECT * FROM `fa_auth_rule` WHERE  `name` = 'team/door' LIMIT 1 [ RunTime:0.000520s ]
[ 2018-10-17T20:15:58+08:00 ][ sql ] [ SQL ] INSERT INTO `fa_auth_rule` (`pid` , `name` , `title` , `icon` , `remark` , `ismenu` , `status` , `createtime` , `updatetime`) VALUES (132 , 'team/door' , 'Door' , 'fa fa-circle-o' , '' , 1 , 'normal' , 1539778558 , 1539778558) [ RunTime:0.000643s ]
[ 2018-10-17T20:15:58+08:00 ][ sql ] [ SQL ] SELECT `id` FROM `fa_auth_rule` WHERE  `name` = 'team/door/index' LIMIT 1 [ RunTime:0.000449s ]
[ 2018-10-17T20:15:58+08:00 ][ sql ] [ SQL ] SELECT `id` FROM `fa_auth_rule` WHERE  `name` = 'team/door/add' LIMIT 1 [ RunTime:0.000385s ]
[ 2018-10-17T20:15:58+08:00 ][ sql ] [ SQL ] SELECT `id` FROM `fa_auth_rule` WHERE  `name` = 'team/door/edit' LIMIT 1 [ RunTime:0.000356s ]
[ 2018-10-17T20:15:58+08:00 ][ sql ] [ SQL ] SELECT `id` FROM `fa_auth_rule` WHERE  `name` = 'team/door/del' LIMIT 1 [ RunTime:0.000387s ]
[ 2018-10-17T20:15:58+08:00 ][ sql ] [ SQL ] SELECT `id` FROM `fa_auth_rule` WHERE  `name` = 'team/door/multi' LIMIT 1 [ RunTime:0.000391s ]
[ 2018-10-17T20:15:58+08:00 ][ sql ] [ SQL ] INSERT INTO `fa_auth_rule` (`id` , `pid` , `name` , `icon` , `title` , `ismenu` , `status` , `createtime` , `updatetime`) VALUES (NULL , 139 , 'team/door/index' , 'fa fa-circle-o' , '查看' , 0 , 'normal' , 1539778558 , 1539778558) [ RunTime:0.000487s ]
[ 2018-10-17T20:15:58+08:00 ][ sql ] [ SQL ] INSERT INTO `fa_auth_rule` (`id` , `pid` , `name` , `icon` , `title` , `ismenu` , `status` , `createtime` , `updatetime`) VALUES (NULL , 139 , 'team/door/add' , 'fa fa-circle-o' , '添加' , 0 , 'normal' , 1539778558 , 1539778558) [ RunTime:0.000209s ]
[ 2018-10-17T20:15:58+08:00 ][ sql ] [ SQL ] INSERT INTO `fa_auth_rule` (`id` , `pid` , `name` , `icon` , `title` , `ismenu` , `status` , `createtime` , `updatetime`) VALUES (NULL , 139 , 'team/door/edit' , 'fa fa-circle-o' , '编辑' , 0 , 'normal' , 1539778558 , 1539778558) [ RunTime:0.000199s ]
[ 2018-10-17T20:15:58+08:00 ][ sql ] [ SQL ] INSERT INTO `fa_auth_rule` (`id` , `pid` , `name` , `icon` , `title` , `ismenu` , `status` , `createtime` , `updatetime`) VALUES (NULL , 139 , 'team/door/del' , 'fa fa-circle-o' , '删除' , 0 , 'normal' , 1539778558 , 1539778558) [ RunTime:0.000203s ]
[ 2018-10-17T20:15:58+08:00 ][ sql ] [ SQL ] INSERT INTO `fa_auth_rule` (`id` , `pid` , `name` , `icon` , `title` , `ismenu` , `status` , `createtime` , `updatetime`) VALUES (NULL , 139 , 'team/door/multi' , 'fa fa-circle-o' , '批量更新' , 0 , 'normal' , 1539778558 , 1539778558) [ RunTime:0.000186s ]
[ 2018-10-17T20:16:16+08:00 ][ sql ] [ DB ] CONNECT:[ UseTime:0.001168s ] mysql:host=127.0.0.1;dbname=lyzs;charset=utf8
[ 2018-10-17T20:16:16+08:00 ][ sql ] [ SQL ] SHOW TABLE STATUS LIKE 'team_door' [ RunTime:0.000883s ]
[ 2018-10-17T20:16:16+08:00 ][ sql ] [ SQL ] SHOW TABLE STATUS LIKE 'fa_team_door' [ RunTime:0.000672s ]
[ 2018-10-17T20:16:16+08:00 ][ sql ] [ SQL ] SELECT * FROM `information_schema`.`columns` WHERE TABLE_SCHEMA = 'lyzs' AND table_name = 'fa_team_door' ORDER BY ORDINAL_POSITION [ RunTime:0.002036s ]
[ 2018-10-17T20:16:16+08:00 ][ sql ] [ DB ] CONNECT:[ UseTime:0.001471s ] mysql:host=127.0.0.1;dbname=lyzs;charset=utf8
[ 2018-10-17T20:16:16+08:00 ][ sql ] [ SQL ] SHOW COLUMNS FROM `fa_auth_rule` [ RunTime:0.002819s ]
[ 2018-10-17T20:16:16+08:00 ][ sql ] [ SQL ] SELECT * FROM `fa_auth_rule` WHERE  `name` = 'team' LIMIT 1 [ RunTime:0.000753s ]
[ 2018-10-17T20:16:16+08:00 ][ sql ] [ SQL ] SELECT * FROM `fa_auth_rule` WHERE  `name` = 'team/team_door' LIMIT 1 [ RunTime:0.000733s ]
[ 2018-10-17T20:16:16+08:00 ][ sql ] [ SQL ] INSERT INTO `fa_auth_rule` (`pid` , `name` , `title` , `icon` , `remark` , `ismenu` , `status` , `createtime` , `updatetime`) VALUES (132 , 'team/team_door' , 'Team_door' , 'fa fa-circle-o' , '' , 1 , 'normal' , 1539778576 , 1539778576) [ RunTime:0.000819s ]
[ 2018-10-17T20:16:16+08:00 ][ sql ] [ SQL ] SELECT `id` FROM `fa_auth_rule` WHERE  `name` = 'team/team_door/index' LIMIT 1 [ RunTime:0.000486s ]
[ 2018-10-17T20:16:16+08:00 ][ sql ] [ SQL ] SELECT `id` FROM `fa_auth_rule` WHERE  `name` = 'team/team_door/add' LIMIT 1 [ RunTime:0.000438s ]
[ 2018-10-17T20:16:16+08:00 ][ sql ] [ SQL ] SELECT `id` FROM `fa_auth_rule` WHERE  `name` = 'team/team_door/edit' LIMIT 1 [ RunTime:0.000480s ]
[ 2018-10-17T20:16:16+08:00 ][ sql ] [ SQL ] SELECT `id` FROM `fa_auth_rule` WHERE  `name` = 'team/team_door/del' LIMIT 1 [ RunTime:0.000424s ]
[ 2018-10-17T20:16:16+08:00 ][ sql ] [ SQL ] SELECT `id` FROM `fa_auth_rule` WHERE  `name` = 'team/team_door/multi' LIMIT 1 [ RunTime:0.000410s ]
[ 2018-10-17T20:16:16+08:00 ][ sql ] [ SQL ] INSERT INTO `fa_auth_rule` (`id` , `pid` , `name` , `icon` , `title` , `ismenu` , `status` , `createtime` , `updatetime`) VALUES (NULL , 145 , 'team/team_door/index' , 'fa fa-circle-o' , '查看' , 0 , 'normal' , 1539778576 , 1539778576) [ RunTime:0.000529s ]
[ 2018-10-17T20:16:16+08:00 ][ sql ] [ SQL ] INSERT INTO `fa_auth_rule` (`id` , `pid` , `name` , `icon` , `title` , `ismenu` , `status` , `createtime` , `updatetime`) VALUES (NULL , 145 , 'team/team_door/add' , 'fa fa-circle-o' , '添加' , 0 , 'normal' , 1539778576 , 1539778576) [ RunTime:0.000280s ]
[ 2018-10-17T20:16:16+08:00 ][ sql ] [ SQL ] INSERT INTO `fa_auth_rule` (`id` , `pid` , `name` , `icon` , `title` , `ismenu` , `status` , `createtime` , `updatetime`) VALUES (NULL , 145 , 'team/team_door/edit' , 'fa fa-circle-o' , '编辑' , 0 , 'normal' , 1539778576 , 1539778576) [ RunTime:0.000301s ]
[ 2018-10-17T20:16:16+08:00 ][ sql ] [ SQL ] INSERT INTO `fa_auth_rule` (`id` , `pid` , `name` , `icon` , `title` , `ismenu` , `status` , `createtime` , `updatetime`) VALUES (NULL , 145 , 'team/team_door/del' , 'fa fa-circle-o' , '删除' , 0 , 'normal' , 1539778576 , 1539778576) [ RunTime:0.000625s ]
[ 2018-10-17T20:16:16+08:00 ][ sql ] [ SQL ] INSERT INTO `fa_auth_rule` (`id` , `pid` , `name` , `icon` , `title` , `ismenu` , `status` , `createtime` , `updatetime`) VALUES (NULL , 145 , 'team/team_door/multi' , 'fa fa-circle-o' , '批量更新' , 0 , 'normal' , 1539778576 , 1539778576) [ RunTime:0.000288s ]
[ 2018-10-17T20:16:33+08:00 ][ sql ] [ DB ] CONNECT:[ UseTime:0.001102s ] mysql:host=127.0.0.1;dbname=lyzs;charset=utf8
[ 2018-10-17T20:16:33+08:00 ][ sql ] [ SQL ] SHOW TABLE STATUS LIKE 'team_door' [ RunTime:0.000939s ]
[ 2018-10-17T20:16:33+08:00 ][ sql ] [ SQL ] SHOW TABLE STATUS LIKE 'fa_team_door' [ RunTime:0.000753s ]
[ 2018-10-17T20:16:43+08:00 ][ sql ] [ DB ] CONNECT:[ UseTime:0.001148s ] mysql:host=127.0.0.1;dbname=lyzs;charset=utf8
[ 2018-10-17T20:16:43+08:00 ][ sql ] [ SQL ] SHOW TABLE STATUS LIKE 'team_door' [ RunTime:0.000868s ]
[ 2018-10-17T20:16:43+08:00 ][ sql ] [ SQL ] SHOW TABLE STATUS LIKE 'fa_team_door' [ RunTime:0.000743s ]
[ 2018-10-17T20:17:05+08:00 ][ sql ] [ DB ] CONNECT:[ UseTime:0.001268s ] mysql:host=127.0.0.1;dbname=lyzs;charset=utf8
[ 2018-10-17T20:17:05+08:00 ][ sql ] [ SQL ] SHOW TABLE STATUS LIKE 'team_door' [ RunTime:0.000960s ]
[ 2018-10-17T20:17:05+08:00 ][ sql ] [ SQL ] SHOW TABLE STATUS LIKE 'fa_team_door' [ RunTime:0.000889s ]
[ 2018-10-17T20:17:50+08:00 ][ sql ] [ DB ] CONNECT:[ UseTime:0.001225s ] mysql:host=127.0.0.1;dbname=lyzs;charset=utf8
[ 2018-10-17T20:17:50+08:00 ][ sql ] [ SQL ] SHOW COLUMNS FROM `fa_auth_rule` [ RunTime:0.002207s ]
[ 2018-10-17T20:17:50+08:00 ][ sql ] [ SQL ] SELECT * FROM `fa_auth_rule` WHERE  `name` = 'team' LIMIT 1 [ RunTime:0.000732s ]
[ 2018-10-17T20:17:50+08:00 ][ sql ] [ SQL ] SELECT * FROM `fa_auth_rule` WHERE  `name` = 'team/team' LIMIT 1 [ RunTime:0.000847s ]
[ 2018-10-17T20:17:50+08:00 ][ sql ] [ SQL ] SELECT `id` FROM `fa_auth_rule` WHERE  `name` = 'team/team/index' LIMIT 1 [ RunTime:0.000496s ]
[ 2018-10-17T20:17:50+08:00 ][ sql ] [ SQL ] SELECT `id` FROM `fa_auth_rule` WHERE  `name` = 'team/team/add' LIMIT 1 [ RunTime:0.000517s ]
[ 2018-10-17T20:17:50+08:00 ][ sql ] [ SQL ] SELECT `id` FROM `fa_auth_rule` WHERE  `name` = 'team/team/edit' LIMIT 1 [ RunTime:0.000483s ]
[ 2018-10-17T20:17:50+08:00 ][ sql ] [ SQL ] SELECT `id` FROM `fa_auth_rule` WHERE  `name` = 'team/team/del' LIMIT 1 [ RunTime:0.000533s ]
[ 2018-10-17T20:17:50+08:00 ][ sql ] [ SQL ] SELECT `id` FROM `fa_auth_rule` WHERE  `name` = 'team/team/multi' LIMIT 1 [ RunTime:0.000450s ]
[ 2018-10-17T20:17:50+08:00 ][ sql ] [ SQL ] UPDATE `fa_auth_rule`  SET `pid`=133,`name`='team/team/index',`icon`='fa fa-circle-o',`title`='查看',`ismenu`=0,`status`='normal',`updatetime`=1539778670  WHERE  `id` = 134 [ RunTime:0.000680s ]
[ 2018-10-17T20:17:50+08:00 ][ sql ] [ SQL ] UPDATE `fa_auth_rule`  SET `pid`=133,`name`='team/team/add',`icon`='fa fa-circle-o',`title`='添加',`ismenu`=0,`status`='normal',`updatetime`=1539778670  WHERE  `id` = 135 [ RunTime:0.000265s ]
[ 2018-10-17T20:17:50+08:00 ][ sql ] [ SQL ] UPDATE `fa_auth_rule`  SET `pid`=133,`name`='team/team/edit',`icon`='fa fa-circle-o',`title`='编辑',`ismenu`=0,`status`='normal',`updatetime`=1539778670  WHERE  `id` = 136 [ RunTime:0.000228s ]
[ 2018-10-17T20:17:50+08:00 ][ sql ] [ SQL ] UPDATE `fa_auth_rule`  SET `pid`=133,`name`='team/team/del',`icon`='fa fa-circle-o',`title`='删除',`ismenu`=0,`status`='normal',`updatetime`=1539778670  WHERE  `id` = 137 [ RunTime:0.000253s ]
[ 2018-10-17T20:17:50+08:00 ][ sql ] [ SQL ] UPDATE `fa_auth_rule`  SET `pid`=133,`name`='team/team/multi',`icon`='fa fa-circle-o',`title`='批量更新',`ismenu`=0,`status`='normal',`updatetime`=1539778670  WHERE  `id` = 138 [ RunTime:0.000297s ]
[ 2018-10-17T20:18:08+08:00 ][ sql ] [ DB ] CONNECT:[ UseTime:0.001270s ] mysql:host=127.0.0.1;dbname=lyzs;charset=utf8
[ 2018-10-17T20:18:08+08:00 ][ sql ] [ SQL ] SHOW COLUMNS FROM `fa_auth_rule` [ RunTime:0.002170s ]
[ 2018-10-17T20:18:08+08:00 ][ sql ] [ SQL ] SELECT * FROM `fa_auth_rule` WHERE  (  `name` LIKE 'team%' ) [ RunTime:0.000936s ]
[ 2018-10-17T20:18:09+08:00 ][ sql ] [ SQL ] SELECT * FROM `fa_auth_rule` WHERE  `id` IN (132,139,141,143,142,140,144,133,135,137,136,134,138,145,147,149,148,146,150) [ RunTime:0.001050s ]
[ 2018-10-17T20:18:09+08:00 ][ sql ] [ SQL ] DELETE FROM `fa_auth_rule`    WHERE  `id` = 132 [ RunTime:0.000800s ]
[ 2018-10-17T20:18:09+08:00 ][ sql ] [ SQL ] DELETE FROM `fa_auth_rule`    WHERE  `id` = 133 [ RunTime:0.000376s ]
[ 2018-10-17T20:18:09+08:00 ][ sql ] [ SQL ] DELETE FROM `fa_auth_rule`    WHERE  `id` = 134 [ RunTime:0.000440s ]
[ 2018-10-17T20:18:09+08:00 ][ sql ] [ SQL ] DELETE FROM `fa_auth_rule`    WHERE  `id` = 135 [ RunTime:0.000318s ]
[ 2018-10-17T20:18:09+08:00 ][ sql ] [ SQL ] DELETE FROM `fa_auth_rule`    WHERE  `id` = 136 [ RunTime:0.000361s ]
[ 2018-10-17T20:18:09+08:00 ][ sql ] [ SQL ] DELETE FROM `fa_auth_rule`    WHERE  `id` = 137 [ RunTime:0.000285s ]
[ 2018-10-17T20:18:09+08:00 ][ sql ] [ SQL ] DELETE FROM `fa_auth_rule`    WHERE  `id` = 138 [ RunTime:0.000503s ]
[ 2018-10-17T20:18:09+08:00 ][ sql ] [ SQL ] DELETE FROM `fa_auth_rule`    WHERE  `id` = 139 [ RunTime:0.000348s ]
[ 2018-10-17T20:18:09+08:00 ][ sql ] [ SQL ] DELETE FROM `fa_auth_rule`    WHERE  `id` = 140 [ RunTime:0.000349s ]
[ 2018-10-17T20:18:09+08:00 ][ sql ] [ SQL ] DELETE FROM `fa_auth_rule`    WHERE  `id` = 141 [ RunTime:0.000322s ]
[ 2018-10-17T20:18:09+08:00 ][ sql ] [ SQL ] DELETE FROM `fa_auth_rule`    WHERE  `id` = 142 [ RunTime:0.000318s ]
[ 2018-10-17T20:18:09+08:00 ][ sql ] [ SQL ] DELETE FROM `fa_auth_rule`    WHERE  `id` = 143 [ RunTime:0.000357s ]
[ 2018-10-17T20:18:09+08:00 ][ sql ] [ SQL ] DELETE FROM `fa_auth_rule`    WHERE  `id` = 144 [ RunTime:0.000293s ]
[ 2018-10-17T20:18:09+08:00 ][ sql ] [ SQL ] DELETE FROM `fa_auth_rule`    WHERE  `id` = 145 [ RunTime:0.000294s ]
[ 2018-10-17T20:18:09+08:00 ][ sql ] [ SQL ] DELETE FROM `fa_auth_rule`    WHERE  `id` = 146 [ RunTime:0.000330s ]
[ 2018-10-17T20:18:09+08:00 ][ sql ] [ SQL ] DELETE FROM `fa_auth_rule`    WHERE  `id` = 147 [ RunTime:0.000353s ]
[ 2018-10-17T20:18:09+08:00 ][ sql ] [ SQL ] DELETE FROM `fa_auth_rule`    WHERE  `id` = 148 [ RunTime:0.000285s ]
[ 2018-10-17T20:18:09+08:00 ][ sql ] [ SQL ] DELETE FROM `fa_auth_rule`    WHERE  `id` = 149 [ RunTime:0.000277s ]
[ 2018-10-17T20:18:09+08:00 ][ sql ] [ SQL ] DELETE FROM `fa_auth_rule`    WHERE  `id` = 150 [ RunTime:0.000304s ]
[ 2018-10-17T20:18:17+08:00 ][ sql ] [ DB ] CONNECT:[ UseTime:0.001197s ] mysql:host=127.0.0.1;dbname=lyzs;charset=utf8
[ 2018-10-17T20:18:17+08:00 ][ sql ] [ SQL ] SHOW COLUMNS FROM `fa_auth_rule` [ RunTime:0.002099s ]
[ 2018-10-17T20:18:17+08:00 ][ sql ] [ SQL ] SELECT * FROM `fa_auth_rule` WHERE  (  `name` LIKE 'team_door%' ) [ RunTime:0.000769s ]
[ 2018-10-17T20:19:19+08:00 ][ sql ] [ DB ] CONNECT:[ UseTime:0.001069s ] mysql:host=127.0.0.1;dbname=lyzs;charset=utf8
[ 2018-10-17T20:19:19+08:00 ][ sql ] [ SQL ] SHOW TABLE STATUS LIKE 'team' [ RunTime:0.000841s ]
[ 2018-10-17T20:19:19+08:00 ][ sql ] [ SQL ] SHOW TABLE STATUS LIKE 'fa_team' [ RunTime:0.000759s ]
[ 2018-10-17T20:20:03+08:00 ][ sql ] [ DB ] CONNECT:[ UseTime:0.001170s ] mysql:host=127.0.0.1;dbname=lyzs;charset=utf8
[ 2018-10-17T20:20:03+08:00 ][ sql ] [ SQL ] SHOW TABLE STATUS LIKE 'team_door' [ RunTime:0.000849s ]
[ 2018-10-17T20:20:03+08:00 ][ sql ] [ SQL ] SHOW TABLE STATUS LIKE 'fa_team_door' [ RunTime:0.000749s ]
[ 2018-10-17T20:20:10+08:00 ][ sql ] [ DB ] CONNECT:[ UseTime:0.001106s ] mysql:host=127.0.0.1;dbname=lyzs;charset=utf8
[ 2018-10-17T20:20:10+08:00 ][ sql ] [ SQL ] SHOW TABLE STATUS LIKE 'team_door' [ RunTime:0.000918s ]
[ 2018-10-17T20:20:10+08:00 ][ sql ] [ SQL ] SHOW TABLE STATUS LIKE 'fa_team_door' [ RunTime:0.000685s ]
[ 2018-10-17T20:20:10+08:00 ][ sql ] [ SQL ] SELECT * FROM `information_schema`.`columns` WHERE TABLE_SCHEMA = 'lyzs' AND table_name = 'fa_team_door' ORDER BY ORDINAL_POSITION [ RunTime:0.002220s ]
[ 2018-10-17T20:20:44+08:00 ][ sql ] [ DB ] CONNECT:[ UseTime:0.001204s ] mysql:host=127.0.0.1;dbname=lyzs;charset=utf8
[ 2018-10-17T20:20:44+08:00 ][ sql ] [ SQL ] SHOW TABLE STATUS LIKE 'team_door' [ RunTime:0.000859s ]
[ 2018-10-17T20:20:44+08:00 ][ sql ] [ SQL ] SHOW TABLE STATUS LIKE 'fa_team_door' [ RunTime:0.000747s ]
[ 2018-10-17T20:20:44+08:00 ][ sql ] [ SQL ] SELECT * FROM `information_schema`.`columns` WHERE TABLE_SCHEMA = 'lyzs' AND table_name = 'fa_team_door' ORDER BY ORDINAL_POSITION [ RunTime:0.002008s ]
[ 2018-10-17T20:20:44+08:00 ][ sql ] [ DB ] CONNECT:[ UseTime:0.001076s ] mysql:host=127.0.0.1;dbname=lyzs;charset=utf8
[ 2018-10-17T20:20:44+08:00 ][ sql ] [ SQL ] SHOW COLUMNS FROM `fa_auth_rule` [ RunTime:0.002069s ]
[ 2018-10-17T20:20:44+08:00 ][ sql ] [ SQL ] SELECT * FROM `fa_auth_rule` WHERE  `name` = 'team' LIMIT 1 [ RunTime:0.000649s ]
[ 2018-10-17T20:20:44+08:00 ][ sql ] [ SQL ] INSERT INTO `fa_auth_rule` (`pid` , `name` , `title` , `icon` , `remark` , `ismenu` , `status` , `createtime` , `updatetime`) VALUES (0 , 'team' , 'team' , 'fa fa-list' , '' , 1 , 'normal' , 1539778844 , 1539778844) [ RunTime:0.000881s ]
[ 2018-10-17T20:20:44+08:00 ][ sql ] [ SQL ] SELECT * FROM `fa_auth_rule` WHERE  `name` = 'team/team_door' LIMIT 1 [ RunTime:0.000684s ]
[ 2018-10-17T20:20:44+08:00 ][ sql ] [ SQL ] INSERT INTO `fa_auth_rule` (`pid` , `name` , `title` , `icon` , `remark` , `ismenu` , `status` , `createtime` , `updatetime`) VALUES (151 , 'team/team_door' , '户型' , 'fa fa-circle-o' , '' , 1 , 'normal' , 1539778844 , 1539778844) [ RunTime:0.000710s ]
[ 2018-10-17T20:20:44+08:00 ][ sql ] [ SQL ] SELECT `id` FROM `fa_auth_rule` WHERE  `name` = 'team/team_door/index' LIMIT 1 [ RunTime:0.000426s ]
[ 2018-10-17T20:20:44+08:00 ][ sql ] [ SQL ] SELECT `id` FROM `fa_auth_rule` WHERE  `name` = 'team/team_door/add' LIMIT 1 [ RunTime:0.000375s ]
[ 2018-10-17T20:20:44+08:00 ][ sql ] [ SQL ] SELECT `id` FROM `fa_auth_rule` WHERE  `name` = 'team/team_door/edit' LIMIT 1 [ RunTime:0.000350s ]
[ 2018-10-17T20:20:44+08:00 ][ sql ] [ SQL ] SELECT `id` FROM `fa_auth_rule` WHERE  `name` = 'team/team_door/del' LIMIT 1 [ RunTime:0.000375s ]
[ 2018-10-17T20:20:44+08:00 ][ sql ] [ SQL ] SELECT `id` FROM `fa_auth_rule` WHERE  `name` = 'team/team_door/multi' LIMIT 1 [ RunTime:0.000387s ]
[ 2018-10-17T20:20:44+08:00 ][ sql ] [ SQL ] INSERT INTO `fa_auth_rule` (`id` , `pid` , `name` , `icon` , `title` , `ismenu` , `status` , `createtime` , `updatetime`) VALUES (NULL , 152 , 'team/team_door/index' , 'fa fa-circle-o' , '查看' , 0 , 'normal' , 1539778844 , 1539778844) [ RunTime:0.000435s ]
[ 2018-10-17T20:20:44+08:00 ][ sql ] [ SQL ] INSERT INTO `fa_auth_rule` (`id` , `pid` , `name` , `icon` , `title` , `ismenu` , `status` , `createtime` , `updatetime`) VALUES (NULL , 152 , 'team/team_door/add' , 'fa fa-circle-o' , '添加' , 0 , 'normal' , 1539778844 , 1539778844) [ RunTime:0.000231s ]
[ 2018-10-17T20:20:44+08:00 ][ sql ] [ SQL ] INSERT INTO `fa_auth_rule` (`id` , `pid` , `name` , `icon` , `title` , `ismenu` , `status` , `createtime` , `updatetime`) VALUES (NULL , 152 , 'team/team_door/edit' , 'fa fa-circle-o' , '编辑' , 0 , 'normal' , 1539778844 , 1539778844) [ RunTime:0.000179s ]
[ 2018-10-17T20:20:44+08:00 ][ sql ] [ SQL ] INSERT INTO `fa_auth_rule` (`id` , `pid` , `name` , `icon` , `title` , `ismenu` , `status` , `createtime` , `updatetime`) VALUES (NULL , 152 , 'team/team_door/del' , 'fa fa-circle-o' , '删除' , 0 , 'normal' , 1539778844 , 1539778844) [ RunTime:0.000172s ]
[ 2018-10-17T20:20:44+08:00 ][ sql ] [ SQL ] INSERT INTO `fa_auth_rule` (`id` , `pid` , `name` , `icon` , `title` , `ismenu` , `status` , `createtime` , `updatetime`) VALUES (NULL , 152 , 'team/team_door/multi' , 'fa fa-circle-o' , '批量更新' , 0 , 'normal' , 1539778844 , 1539778844) [ RunTime:0.000214s ]
[ 2018-10-17T20:21:33+08:00 ][ sql ] [ DB ] CONNECT:[ UseTime:0.001196s ] mysql:host=127.0.0.1;dbname=lyzs;charset=utf8
[ 2018-10-17T20:21:33+08:00 ][ sql ] [ SQL ] SHOW TABLE STATUS LIKE 'team' [ RunTime:0.000885s ]
[ 2018-10-17T20:21:33+08:00 ][ sql ] [ SQL ] SHOW TABLE STATUS LIKE 'fa_team' [ RunTime:0.000740s ]
[ 2018-10-17T20:21:39+08:00 ][ sql ] [ DB ] CONNECT:[ UseTime:0.001229s ] mysql:host=127.0.0.1;dbname=lyzs;charset=utf8
[ 2018-10-17T20:21:39+08:00 ][ sql ] [ SQL ] SHOW TABLE STATUS LIKE 'team_door' [ RunTime:0.001118s ]
[ 2018-10-17T20:21:39+08:00 ][ sql ] [ SQL ] SHOW TABLE STATUS LIKE 'fa_team_door' [ RunTime:0.000775s ]
[ 2018-10-17T20:21:57+08:00 ][ sql ] [ DB ] CONNECT:[ UseTime:0.001166s ] mysql:host=127.0.0.1;dbname=lyzs;charset=utf8
[ 2018-10-17T20:21:57+08:00 ][ sql ] [ SQL ] SHOW TABLE STATUS LIKE 'team/team_door' [ RunTime:0.000857s ]
[ 2018-10-17T20:21:57+08:00 ][ sql ] [ SQL ] SHOW TABLE STATUS LIKE 'fa_team/team_door' [ RunTime:0.000702s ]
[ 2018-10-17T20:22:04+08:00 ][ sql ] [ DB ] CONNECT:[ UseTime:0.001129s ] mysql:host=127.0.0.1;dbname=lyzs;charset=utf8
[ 2018-10-17T20:22:04+08:00 ][ sql ] [ SQL ] SHOW TABLE STATUS LIKE 'team_door' [ RunTime:0.000854s ]
[ 2018-10-17T20:22:04+08:00 ][ sql ] [ SQL ] SHOW TABLE STATUS LIKE 'fa_team_door' [ RunTime:0.000689s ]
[ 2018-10-17T20:22:19+08:00 ][ sql ] [ DB ] CONNECT:[ UseTime:0.001280s ] mysql:host=127.0.0.1;dbname=lyzs;charset=utf8
[ 2018-10-17T20:22:19+08:00 ][ sql ] [ SQL ] SHOW TABLE STATUS LIKE 'team.team_door' [ RunTime:0.000977s ]
[ 2018-10-17T20:22:19+08:00 ][ sql ] [ SQL ] SHOW TABLE STATUS LIKE 'fa_team.team_door' [ RunTime:0.000832s ]
[ 2018-10-17T20:22:24+08:00 ][ sql ] [ DB ] CONNECT:[ UseTime:0.001208s ] mysql:host=127.0.0.1;dbname=lyzs;charset=utf8
[ 2018-10-17T20:22:24+08:00 ][ sql ] [ SQL ] SHOW TABLE STATUS LIKE 'team_door' [ RunTime:0.000861s ]
[ 2018-10-17T20:22:24+08:00 ][ sql ] [ SQL ] SHOW TABLE STATUS LIKE 'fa_team_door' [ RunTime:0.000777s ]
[ 2018-10-17T20:22:59+08:00 ][ sql ] [ DB ] CONNECT:[ UseTime:0.001302s ] mysql:host=127.0.0.1;dbname=lyzs;charset=utf8
[ 2018-10-17T20:22:59+08:00 ][ sql ] [ SQL ] SHOW TABLE STATUS LIKE 'team_door' [ RunTime:0.000872s ]
[ 2018-10-17T20:22:59+08:00 ][ sql ] [ SQL ] SHOW TABLE STATUS LIKE 'fa_team_door' [ RunTime:0.000716s ]
[ 2018-10-17T20:23:39+08:00 ][ sql ] [ DB ] CONNECT:[ UseTime:0.001009s ] mysql:host=127.0.0.1;dbname=lyzs;charset=utf8
[ 2018-10-17T20:23:39+08:00 ][ sql ] [ SQL ] SHOW TABLE STATUS LIKE 'team_door' [ RunTime:0.000771s ]
[ 2018-10-17T20:23:39+08:00 ][ sql ] [ SQL ] SHOW TABLE STATUS LIKE 'fa_team_door' [ RunTime:0.000673s ]
[ 2018-10-17T20:24:33+08:00 ][ sql ] [ DB ] CONNECT:[ UseTime:0.001095s ] mysql:host=127.0.0.1;dbname=lyzs;charset=utf8
[ 2018-10-17T20:24:33+08:00 ][ sql ] [ SQL ] SHOW TABLE STATUS LIKE 'team' [ RunTime:0.000831s ]
[ 2018-10-17T20:24:33+08:00 ][ sql ] [ SQL ] SHOW TABLE STATUS LIKE 'fa_team' [ RunTime:0.000706s ]
[ 2018-10-17T20:24:33+08:00 ][ sql ] [ SQL ] SELECT * FROM `information_schema`.`columns` WHERE TABLE_SCHEMA = 'lyzs' AND table_name = 'fa_team' ORDER BY ORDINAL_POSITION [ RunTime:0.002093s ]
[ 2018-10-17T20:24:33+08:00 ][ sql ] [ DB ] CONNECT:[ UseTime:0.001174s ] mysql:host=127.0.0.1;dbname=lyzs;charset=utf8
[ 2018-10-17T20:24:33+08:00 ][ sql ] [ SQL ] SHOW COLUMNS FROM `fa_auth_rule` [ RunTime:0.002133s ]
[ 2018-10-17T20:24:33+08:00 ][ sql ] [ SQL ] SELECT * FROM `fa_auth_rule` WHERE  `name` = 'team' LIMIT 1 [ RunTime:0.000590s ]
[ 2018-10-17T20:24:33+08:00 ][ sql ] [ SQL ] SELECT `id` FROM `fa_auth_rule` WHERE  `name` = 'team/index' LIMIT 1 [ RunTime:0.000462s ]
[ 2018-10-17T20:24:33+08:00 ][ sql ] [ SQL ] SELECT `id` FROM `fa_auth_rule` WHERE  `name` = 'team/add' LIMIT 1 [ RunTime:0.000385s ]
[ 2018-10-17T20:24:33+08:00 ][ sql ] [ SQL ] SELECT `id` FROM `fa_auth_rule` WHERE  `name` = 'team/edit' LIMIT 1 [ RunTime:0.000369s ]
[ 2018-10-17T20:24:33+08:00 ][ sql ] [ SQL ] SELECT `id` FROM `fa_auth_rule` WHERE  `name` = 'team/del' LIMIT 1 [ RunTime:0.000374s ]
[ 2018-10-17T20:24:33+08:00 ][ sql ] [ SQL ] SELECT `id` FROM `fa_auth_rule` WHERE  `name` = 'team/multi' LIMIT 1 [ RunTime:0.000334s ]
[ 2018-10-17T20:24:33+08:00 ][ sql ] [ SQL ] INSERT INTO `fa_auth_rule` (`id` , `pid` , `name` , `icon` , `title` , `ismenu` , `status` , `createtime` , `updatetime`) VALUES (NULL , 151 , 'team/index' , 'fa fa-circle-o' , '查看' , 0 , 'normal' , 1539779073 , 1539779073) [ RunTime:0.000445s ]
[ 2018-10-17T20:24:33+08:00 ][ sql ] [ SQL ] INSERT INTO `fa_auth_rule` (`id` , `pid` , `name` , `icon` , `title` , `ismenu` , `status` , `createtime` , `updatetime`) VALUES (NULL , 151 , 'team/add' , 'fa fa-circle-o' , '添加' , 0 , 'normal' , 1539779073 , 1539779073) [ RunTime:0.000322s ]
[ 2018-10-17T20:24:33+08:00 ][ sql ] [ SQL ] INSERT INTO `fa_auth_rule` (`id` , `pid` , `name` , `icon` , `title` , `ismenu` , `status` , `createtime` , `updatetime`) VALUES (NULL , 151 , 'team/edit' , 'fa fa-circle-o' , '编辑' , 0 , 'normal' , 1539779073 , 1539779073) [ RunTime:0.000323s ]
[ 2018-10-17T20:24:33+08:00 ][ sql ] [ SQL ] INSERT INTO `fa_auth_rule` (`id` , `pid` , `name` , `icon` , `title` , `ismenu` , `status` , `createtime` , `updatetime`) VALUES (NULL , 151 , 'team/del' , 'fa fa-circle-o' , '删除' , 0 , 'normal' , 1539779073 , 1539779073) [ RunTime:0.000314s ]
[ 2018-10-17T20:24:33+08:00 ][ sql ] [ SQL ] INSERT INTO `fa_auth_rule` (`id` , `pid` , `name` , `icon` , `title` , `ismenu` , `status` , `createtime` , `updatetime`) VALUES (NULL , 151 , 'team/multi' , 'fa fa-circle-o' , '批量更新' , 0 , 'normal' , 1539779073 , 1539779073) [ RunTime:0.000191s ]
[ 2018-10-17T20:24:45+08:00 ][ sql ] [ DB ] CONNECT:[ UseTime:0.001179s ] mysql:host=127.0.0.1;dbname=lyzs;charset=utf8
[ 2018-10-17T20:24:45+08:00 ][ sql ] [ SQL ] SHOW TABLE STATUS LIKE 'team' [ RunTime:0.000837s ]
[ 2018-10-17T20:24:45+08:00 ][ sql ] [ SQL ] SHOW TABLE STATUS LIKE 'fa_team' [ RunTime:0.000700s ]
[ 2018-10-17T20:25:03+08:00 ][ sql ] [ DB ] CONNECT:[ UseTime:0.001085s ] mysql:host=127.0.0.1;dbname=lyzs;charset=utf8
[ 2018-10-17T20:25:03+08:00 ][ sql ] [ SQL ] SHOW TABLE STATUS LIKE 'team' [ RunTime:0.000779s ]
[ 2018-10-17T20:25:03+08:00 ][ sql ] [ SQL ] SHOW TABLE STATUS LIKE 'fa_team' [ RunTime:0.000689s ]
[ 2018-10-17T20:25:09+08:00 ][ sql ] [ DB ] CONNECT:[ UseTime:0.001109s ] mysql:host=127.0.0.1;dbname=lyzs;charset=utf8
[ 2018-10-17T20:25:09+08:00 ][ sql ] [ SQL ] SHOW TABLE STATUS LIKE 'team' [ RunTime:0.000830s ]
[ 2018-10-17T20:25:09+08:00 ][ sql ] [ SQL ] SHOW TABLE STATUS LIKE 'fa_team' [ RunTime:0.000782s ]
[ 2018-10-17T20:25:09+08:00 ][ sql ] [ SQL ] SELECT * FROM `information_schema`.`columns` WHERE TABLE_SCHEMA = 'lyzs' AND table_name = 'fa_team' ORDER BY ORDINAL_POSITION [ RunTime:0.003333s ]
[ 2018-10-17T20:25:09+08:00 ][ sql ] [ DB ] CONNECT:[ UseTime:0.001104s ] mysql:host=127.0.0.1;dbname=lyzs;charset=utf8
[ 2018-10-17T20:25:09+08:00 ][ sql ] [ SQL ] SHOW COLUMNS FROM `fa_auth_rule` [ RunTime:0.001845s ]
[ 2018-10-17T20:25:09+08:00 ][ sql ] [ SQL ] SELECT * FROM `fa_auth_rule` WHERE  `name` = 'team' LIMIT 1 [ RunTime:0.000544s ]
[ 2018-10-17T20:25:09+08:00 ][ sql ] [ SQL ] SELECT * FROM `fa_auth_rule` WHERE  `name` = 'team/team' LIMIT 1 [ RunTime:0.000486s ]
[ 2018-10-17T20:25:09+08:00 ][ sql ] [ SQL ] INSERT INTO `fa_auth_rule` (`pid` , `name` , `title` , `icon` , `remark` , `ismenu` , `status` , `createtime` , `updatetime`) VALUES (151 , 'team/team' , '设计团队' , 'fa fa-circle-o' , '' , 1 , 'normal' , 1539779109 , 1539779109) [ RunTime:0.000527s ]
[ 2018-10-17T20:25:09+08:00 ][ sql ] [ SQL ] SELECT `id` FROM `fa_auth_rule` WHERE  `name` = 'team/team/index' LIMIT 1 [ RunTime:0.000327s ]
[ 2018-10-17T20:25:09+08:00 ][ sql ] [ SQL ] SELECT `id` FROM `fa_auth_rule` WHERE  `name` = 'team/team/add' LIMIT 1 [ RunTime:0.000322s ]
[ 2018-10-17T20:25:09+08:00 ][ sql ] [ SQL ] SELECT `id` FROM `fa_auth_rule` WHERE  `name` = 'team/team/edit' LIMIT 1 [ RunTime:0.000323s ]
[ 2018-10-17T20:25:09+08:00 ][ sql ] [ SQL ] SELECT `id` FROM `fa_auth_rule` WHERE  `name` = 'team/team/del' LIMIT 1 [ RunTime:0.000323s ]
[ 2018-10-17T20:25:09+08:00 ][ sql ] [ SQL ] SELECT `id` FROM `fa_auth_rule` WHERE  `name` = 'team/team/multi' LIMIT 1 [ RunTime:0.000311s ]
[ 2018-10-17T20:25:09+08:00 ][ sql ] [ SQL ] INSERT INTO `fa_auth_rule` (`id` , `pid` , `name` , `icon` , `title` , `ismenu` , `status` , `createtime` , `updatetime`) VALUES (NULL , 163 , 'team/team/index' , 'fa fa-circle-o' , '查看' , 0 , 'normal' , 1539779109 , 1539779109) [ RunTime:0.000332s ]
[ 2018-10-17T20:25:09+08:00 ][ sql ] [ SQL ] INSERT INTO `fa_auth_rule` (`id` , `pid` , `name` , `icon` , `title` , `ismenu` , `status` , `createtime` , `updatetime`) VALUES (NULL , 163 , 'team/team/add' , 'fa fa-circle-o' , '添加' , 0 , 'normal' , 1539779109 , 1539779109) [ RunTime:0.000166s ]
[ 2018-10-17T20:25:09+08:00 ][ sql ] [ SQL ] INSERT INTO `fa_auth_rule` (`id` , `pid` , `name` , `icon` , `title` , `ismenu` , `status` , `createtime` , `updatetime`) VALUES (NULL , 163 , 'team/team/edit' , 'fa fa-circle-o' , '编辑' , 0 , 'normal' , 1539779109 , 1539779109) [ RunTime:0.000164s ]
[ 2018-10-17T20:25:09+08:00 ][ sql ] [ SQL ] INSERT INTO `fa_auth_rule` (`id` , `pid` , `name` , `icon` , `title` , `ismenu` , `status` , `createtime` , `updatetime`) VALUES (NULL , 163 , 'team/team/del' , 'fa fa-circle-o' , '删除' , 0 , 'normal' , 1539779109 , 1539779109) [ RunTime:0.000177s ]
[ 2018-10-17T20:25:09+08:00 ][ sql ] [ SQL ] INSERT INTO `fa_auth_rule` (`id` , `pid` , `name` , `icon` , `title` , `ismenu` , `status` , `createtime` , `updatetime`) VALUES (NULL , 163 , 'team/team/multi' , 'fa fa-circle-o' , '批量更新' , 0 , 'normal' , 1539779109 , 1539779109) [ RunTime:0.000197s ]
[ 2018-10-17T20:25:16+08:00 ][ sql ] [ DB ] CONNECT:[ UseTime:0.001133s ] mysql:host=127.0.0.1;dbname=lyzs;charset=utf8
[ 2018-10-17T20:25:16+08:00 ][ sql ] [ SQL ] SHOW TABLE STATUS LIKE 'team' [ RunTime:0.000962s ]
[ 2018-10-17T20:25:16+08:00 ][ sql ] [ SQL ] SHOW TABLE STATUS LIKE 'fa_team' [ RunTime:0.000762s ]
[ 2018-10-17T20:25:47+08:00 ][ sql ] [ DB ] CONNECT:[ UseTime:0.001189s ] mysql:host=127.0.0.1;dbname=lyzs;charset=utf8
[ 2018-10-17T20:25:47+08:00 ][ sql ] [ SQL ] SHOW TABLE STATUS LIKE 'team_door' [ RunTime:0.001066s ]
[ 2018-10-17T20:25:47+08:00 ][ sql ] [ SQL ] SHOW TABLE STATUS LIKE 'fa_team_door' [ RunTime:0.000763s ]
[ 2018-10-17T20:25:47+08:00 ][ sql ] [ SQL ] SELECT * FROM `information_schema`.`columns` WHERE TABLE_SCHEMA = 'lyzs' AND table_name = 'fa_team_door' ORDER BY ORDINAL_POSITION [ RunTime:0.002157s ]
[ 2018-10-17T20:25:47+08:00 ][ sql ] [ DB ] CONNECT:[ UseTime:0.001368s ] mysql:host=127.0.0.1;dbname=lyzs;charset=utf8
[ 2018-10-17T20:25:47+08:00 ][ sql ] [ SQL ] SHOW COLUMNS FROM `fa_auth_rule` [ RunTime:0.001918s ]
[ 2018-10-17T20:25:47+08:00 ][ sql ] [ SQL ] SELECT * FROM `fa_auth_rule` WHERE  `name` = 'team' LIMIT 1 [ RunTime:0.000577s ]
[ 2018-10-17T20:25:47+08:00 ][ sql ] [ SQL ] SELECT * FROM `fa_auth_rule` WHERE  `name` = 'team/team_door' LIMIT 1 [ RunTime:0.000514s ]
[ 2018-10-17T20:25:47+08:00 ][ sql ] [ SQL ] SELECT `id` FROM `fa_auth_rule` WHERE  `name` = 'team/team_door/index' LIMIT 1 [ RunTime:0.000399s ]
[ 2018-10-17T20:25:47+08:00 ][ sql ] [ SQL ] SELECT `id` FROM `fa_auth_rule` WHERE  `name` = 'team/team_door/add' LIMIT 1 [ RunTime:0.000388s ]
[ 2018-10-17T20:25:47+08:00 ][ sql ] [ SQL ] SELECT `id` FROM `fa_auth_rule` WHERE  `name` = 'team/team_door/edit' LIMIT 1 [ RunTime:0.000391s ]
[ 2018-10-17T20:25:47+08:00 ][ sql ] [ SQL ] SELECT `id` FROM `fa_auth_rule` WHERE  `name` = 'team/team_door/del' LIMIT 1 [ RunTime:0.000435s ]
[ 2018-10-17T20:25:47+08:00 ][ sql ] [ SQL ] SELECT `id` FROM `fa_auth_rule` WHERE  `name` = 'team/team_door/multi' LIMIT 1 [ RunTime:0.000410s ]
[ 2018-10-17T20:25:47+08:00 ][ sql ] [ SQL ] UPDATE `fa_auth_rule`  SET `pid`=152,`name`='team/team_door/index',`icon`='fa fa-circle-o',`title`='查看',`ismenu`=0,`status`='normal',`updatetime`=1539779147  WHERE  `id` = 153 [ RunTime:0.000490s ]
[ 2018-10-17T20:25:47+08:00 ][ sql ] [ SQL ] UPDATE `fa_auth_rule`  SET `pid`=152,`name`='team/team_door/add',`icon`='fa fa-circle-o',`title`='添加',`ismenu`=0,`status`='normal',`updatetime`=1539779147  WHERE  `id` = 154 [ RunTime:0.000246s ]
[ 2018-10-17T20:25:47+08:00 ][ sql ] [ SQL ] UPDATE `fa_auth_rule`  SET `pid`=152,`name`='team/team_door/edit',`icon`='fa fa-circle-o',`title`='编辑',`ismenu`=0,`status`='normal',`updatetime`=1539779147  WHERE  `id` = 155 [ RunTime:0.000279s ]
[ 2018-10-17T20:25:47+08:00 ][ sql ] [ SQL ] UPDATE `fa_auth_rule`  SET `pid`=152,`name`='team/team_door/del',`icon`='fa fa-circle-o',`title`='删除',`ismenu`=0,`status`='normal',`updatetime`=1539779147  WHERE  `id` = 156 [ RunTime:0.000217s ]
[ 2018-10-17T20:25:47+08:00 ][ sql ] [ SQL ] UPDATE `fa_auth_rule`  SET `pid`=152,`name`='team/team_door/multi',`icon`='fa fa-circle-o',`title`='批量更新',`ismenu`=0,`status`='normal',`updatetime`=1539779147  WHERE  `id` = 157 [ RunTime:0.000199s ]
[ 2018-10-17T20:27:36+08:00 ][ sql ] [ DB ] CONNECT:[ UseTime:0.001193s ] mysql:host=127.0.0.1;dbname=lyzs;charset=utf8
[ 2018-10-17T20:27:36+08:00 ][ sql ] [ SQL ] SHOW TABLE STATUS LIKE 'team_door' [ RunTime:0.000833s ]
[ 2018-10-17T20:27:36+08:00 ][ sql ] [ SQL ] SHOW TABLE STATUS LIKE 'fa_team_door' [ RunTime:0.000761s ]
[ 2018-10-17T20:28:56+08:00 ][ sql ] [ DB ] CONNECT:[ UseTime:0.001069s ] mysql:host=127.0.0.1;dbname=lyzs;charset=utf8
[ 2018-10-17T20:28:56+08:00 ][ sql ] [ SQL ] SHOW TABLE STATUS LIKE 'team_door' [ RunTime:0.000907s ]
[ 2018-10-17T20:28:56+08:00 ][ sql ] [ SQL ] SHOW TABLE STATUS LIKE 'fa_team_door' [ RunTime:0.000867s ]
[ 2018-10-17T20:29:17+08:00 ][ sql ] [ DB ] CONNECT:[ UseTime:0.001072s ] mysql:host=127.0.0.1;dbname=lyzs;charset=utf8
[ 2018-10-17T20:29:17+08:00 ][ sql ] [ SQL ] SHOW TABLE STATUS LIKE 'team_door' [ RunTime:0.000812s ]
[ 2018-10-17T20:29:17+08:00 ][ sql ] [ SQL ] SHOW TABLE STATUS LIKE 'fa_team_door' [ RunTime:0.000686s ]
[ 2018-10-17T20:29:57+08:00 ][ sql ] [ DB ] CONNECT:[ UseTime:0.001389s ] mysql:host=127.0.0.1;dbname=lyzs;charset=utf8
[ 2018-10-17T20:29:57+08:00 ][ sql ] [ SQL ] SHOW TABLE STATUS LIKE 'team_door' [ RunTime:0.000802s ]
[ 2018-10-17T20:29:57+08:00 ][ sql ] [ SQL ] SHOW TABLE STATUS LIKE 'fa_team_door' [ RunTime:0.000685s ]
[ 2018-10-17T20:30:24+08:00 ][ sql ] [ DB ] CONNECT:[ UseTime:0.001136s ] mysql:host=127.0.0.1;dbname=lyzs;charset=utf8
[ 2018-10-17T20:30:24+08:00 ][ sql ] [ SQL ] SHOW TABLE STATUS LIKE 'team_door' [ RunTime:0.000903s ]
[ 2018-10-17T20:30:24+08:00 ][ sql ] [ SQL ] SHOW TABLE STATUS LIKE 'fa_team_door' [ RunTime:0.000780s ]
[ 2018-10-17T20:30:24+08:00 ][ sql ] [ SQL ] SELECT * FROM `information_schema`.`columns` WHERE TABLE_SCHEMA = 'lyzs' AND table_name = 'fa_team_door' ORDER BY ORDINAL_POSITION [ RunTime:0.002806s ]
[ 2018-10-17T20:30:24+08:00 ][ sql ] [ DB ] CONNECT:[ UseTime:0.001060s ] mysql:host=127.0.0.1;dbname=lyzs;charset=utf8
[ 2018-10-17T20:30:24+08:00 ][ sql ] [ SQL ] SHOW COLUMNS FROM `fa_auth_rule` [ RunTime:0.001861s ]
[ 2018-10-17T20:30:24+08:00 ][ sql ] [ SQL ] SELECT * FROM `fa_auth_rule` WHERE  `name` = 'team' LIMIT 1 [ RunTime:0.000546s ]
[ 2018-10-17T20:30:24+08:00 ][ sql ] [ SQL ] INSERT INTO `fa_auth_rule` (`pid` , `name` , `title` , `icon` , `remark` , `ismenu` , `status` , `createtime` , `updatetime`) VALUES (0 , 'team' , 'team' , 'fa fa-list' , '' , 1 , 'normal' , 1539779424 , 1539779424) [ RunTime:0.000637s ]
[ 2018-10-17T20:30:24+08:00 ][ sql ] [ SQL ] SELECT * FROM `fa_auth_rule` WHERE  `name` = 'team/door' LIMIT 1 [ RunTime:0.000501s ]
[ 2018-10-17T20:30:24+08:00 ][ sql ] [ SQL ] INSERT INTO `fa_auth_rule` (`pid` , `name` , `title` , `icon` , `remark` , `ismenu` , `status` , `createtime` , `updatetime`) VALUES (169 , 'team/door' , '户型' , 'fa fa-circle-o' , '' , 1 , 'normal' , 1539779424 , 1539779424) [ RunTime:0.000501s ]
[ 2018-10-17T20:30:24+08:00 ][ sql ] [ SQL ] SELECT `id` FROM `fa_auth_rule` WHERE  `name` = 'team/door/index' LIMIT 1 [ RunTime:0.000412s ]
[ 2018-10-17T20:30:24+08:00 ][ sql ] [ SQL ] SELECT `id` FROM `fa_auth_rule` WHERE  `name` = 'team/door/add' LIMIT 1 [ RunTime:0.000337s ]
[ 2018-10-17T20:30:24+08:00 ][ sql ] [ SQL ] SELECT `id` FROM `fa_auth_rule` WHERE  `name` = 'team/door/edit' LIMIT 1 [ RunTime:0.000365s ]
[ 2018-10-17T20:30:24+08:00 ][ sql ] [ SQL ] SELECT `id` FROM `fa_auth_rule` WHERE  `name` = 'team/door/del' LIMIT 1 [ RunTime:0.000327s ]
[ 2018-10-17T20:30:24+08:00 ][ sql ] [ SQL ] SELECT `id` FROM `fa_auth_rule` WHERE  `name` = 'team/door/multi' LIMIT 1 [ RunTime:0.000327s ]
[ 2018-10-17T20:30:24+08:00 ][ sql ] [ SQL ] INSERT INTO `fa_auth_rule` (`id` , `pid` , `name` , `icon` , `title` , `ismenu` , `status` , `createtime` , `updatetime`) VALUES (NULL , 170 , 'team/door/index' , 'fa fa-circle-o' , '查看' , 0 , 'normal' , 1539779424 , 1539779424) [ RunTime:0.000359s ]
[ 2018-10-17T20:30:24+08:00 ][ sql ] [ SQL ] INSERT INTO `fa_auth_rule` (`id` , `pid` , `name` , `icon` , `title` , `ismenu` , `status` , `createtime` , `updatetime`) VALUES (NULL , 170 , 'team/door/add' , 'fa fa-circle-o' , '添加' , 0 , 'normal' , 1539779424 , 1539779424) [ RunTime:0.000179s ]
[ 2018-10-17T20:30:24+08:00 ][ sql ] [ SQL ] INSERT INTO `fa_auth_rule` (`id` , `pid` , `name` , `icon` , `title` , `ismenu` , `status` , `createtime` , `updatetime`) VALUES (NULL , 170 , 'team/door/edit' , 'fa fa-circle-o' , '编辑' , 0 , 'normal' , 1539779424 , 1539779424) [ RunTime:0.000173s ]
[ 2018-10-17T20:30:24+08:00 ][ sql ] [ SQL ] INSERT INTO `fa_auth_rule` (`id` , `pid` , `name` , `icon` , `title` , `ismenu` , `status` , `createtime` , `updatetime`) VALUES (NULL , 170 , 'team/door/del' , 'fa fa-circle-o' , '删除' , 0 , 'normal' , 1539779424 , 1539779424) [ RunTime:0.000168s ]
[ 2018-10-17T20:30:24+08:00 ][ sql ] [ SQL ] INSERT INTO `fa_auth_rule` (`id` , `pid` , `name` , `icon` , `title` , `ismenu` , `status` , `createtime` , `updatetime`) VALUES (NULL , 170 , 'team/door/multi' , 'fa fa-circle-o' , '批量更新' , 0 , 'normal' , 1539779424 , 1539779424) [ RunTime:0.000167s ]
[ 2018-10-17T20:33:23+08:00 ][ sql ] [ DB ] CONNECT:[ UseTime:0.001124s ] mysql:host=127.0.0.1;dbname=lyzs;charset=utf8
[ 2018-10-17T20:33:23+08:00 ][ sql ] [ SQL ] SHOW TABLE STATUS LIKE 'team_style' [ RunTime:0.000793s ]
[ 2018-10-17T20:33:23+08:00 ][ sql ] [ SQL ] SHOW TABLE STATUS LIKE 'fa_team_style' [ RunTime:0.000669s ]
[ 2018-10-17T20:33:23+08:00 ][ sql ] [ SQL ] SELECT * FROM `information_schema`.`columns` WHERE TABLE_SCHEMA = 'lyzs' AND table_name = 'fa_team_style' ORDER BY ORDINAL_POSITION [ RunTime:0.001902s ]
[ 2018-10-17T20:33:23+08:00 ][ sql ] [ DB ] CONNECT:[ UseTime:0.001392s ] mysql:host=127.0.0.1;dbname=lyzs;charset=utf8
[ 2018-10-17T20:33:23+08:00 ][ sql ] [ SQL ] SHOW COLUMNS FROM `fa_auth_rule` [ RunTime:0.002201s ]
[ 2018-10-17T20:33:23+08:00 ][ sql ] [ SQL ] SELECT * FROM `fa_auth_rule` WHERE  `name` = 'team' LIMIT 1 [ RunTime:0.000612s ]
[ 2018-10-17T20:33:23+08:00 ][ sql ] [ SQL ] SELECT * FROM `fa_auth_rule` WHERE  `name` = 'team/style' LIMIT 1 [ RunTime:0.000525s ]
[ 2018-10-17T20:33:23+08:00 ][ sql ] [ SQL ] INSERT INTO `fa_auth_rule` (`pid` , `name` , `title` , `icon` , `remark` , `ismenu` , `status` , `createtime` , `updatetime`) VALUES (169 , 'team/style' , '设计风格' , 'fa fa-circle-o' , '' , 1 , 'normal' , 1539779603 , 1539779603) [ RunTime:0.000637s ]
[ 2018-10-17T20:33:23+08:00 ][ sql ] [ SQL ] SELECT `id` FROM `fa_auth_rule` WHERE  `name` = 'team/style/index' LIMIT 1 [ RunTime:0.000498s ]
[ 2018-10-17T20:33:23+08:00 ][ sql ] [ SQL ] SELECT `id` FROM `fa_auth_rule` WHERE  `name` = 'team/style/add' LIMIT 1 [ RunTime:0.000435s ]
[ 2018-10-17T20:33:23+08:00 ][ sql ] [ SQL ] SELECT `id` FROM `fa_auth_rule` WHERE  `name` = 'team/style/edit' LIMIT 1 [ RunTime:0.000395s ]
[ 2018-10-17T20:33:23+08:00 ][ sql ] [ SQL ] SELECT `id` FROM `fa_auth_rule` WHERE  `name` = 'team/style/del' LIMIT 1 [ RunTime:0.000397s ]
[ 2018-10-17T20:33:23+08:00 ][ sql ] [ SQL ] SELECT `id` FROM `fa_auth_rule` WHERE  `name` = 'team/style/multi' LIMIT 1 [ RunTime:0.000409s ]
[ 2018-10-17T20:33:23+08:00 ][ sql ] [ SQL ] INSERT INTO `fa_auth_rule` (`id` , `pid` , `name` , `icon` , `title` , `ismenu` , `status` , `createtime` , `updatetime`) VALUES (NULL , 176 , 'team/style/index' , 'fa fa-circle-o' , '查看' , 0 , 'normal' , 1539779603 , 1539779603) [ RunTime:0.000470s ]
[ 2018-10-17T20:33:23+08:00 ][ sql ] [ SQL ] INSERT INTO `fa_auth_rule` (`id` , `pid` , `name` , `icon` , `title` , `ismenu` , `status` , `createtime` , `updatetime`) VALUES (NULL , 176 , 'team/style/add' , 'fa fa-circle-o' , '添加' , 0 , 'normal' , 1539779603 , 1539779603) [ RunTime:0.000199s ]
[ 2018-10-17T20:33:23+08:00 ][ sql ] [ SQL ] INSERT INTO `fa_auth_rule` (`id` , `pid` , `name` , `icon` , `title` , `ismenu` , `status` , `createtime` , `updatetime`) VALUES (NULL , 176 , 'team/style/edit' , 'fa fa-circle-o' , '编辑' , 0 , 'normal' , 1539779603 , 1539779603) [ RunTime:0.000221s ]
[ 2018-10-17T20:33:23+08:00 ][ sql ] [ SQL ] INSERT INTO `fa_auth_rule` (`id` , `pid` , `name` , `icon` , `title` , `ismenu` , `status` , `createtime` , `updatetime`) VALUES (NULL , 176 , 'team/style/del' , 'fa fa-circle-o' , '删除' , 0 , 'normal' , 1539779603 , 1539779603) [ RunTime:0.000206s ]
[ 2018-10-17T20:33:23+08:00 ][ sql ] [ SQL ] INSERT INTO `fa_auth_rule` (`id` , `pid` , `name` , `icon` , `title` , `ismenu` , `status` , `createtime` , `updatetime`) VALUES (NULL , 176 , 'team/style/multi' , 'fa fa-circle-o' , '批量更新' , 0 , 'normal' , 1539779603 , 1539779603) [ RunTime:0.000202s ]
[ 2018-10-17T20:36:32+08:00 ][ sql ] [ DB ] CONNECT:[ UseTime:0.001219s ] mysql:host=127.0.0.1;dbname=lyzs;charset=utf8
[ 2018-10-17T20:36:32+08:00 ][ sql ] [ SQL ] SHOW TABLE STATUS LIKE 'team' [ RunTime:0.000879s ]
[ 2018-10-17T20:36:32+08:00 ][ sql ] [ SQL ] SHOW TABLE STATUS LIKE 'fa_team' [ RunTime:0.000697s ]
[ 2018-10-17T20:36:32+08:00 ][ sql ] [ SQL ] SHOW TABLE STATUS LIKE 'team_door' [ RunTime:0.000597s ]
[ 2018-10-17T20:36:32+08:00 ][ sql ] [ SQL ] SHOW TABLE STATUS LIKE 'fa_team_door' [ RunTime:0.000669s ]
[ 2018-10-17T20:36:32+08:00 ][ sql ] [ SQL ] SELECT * FROM `information_schema`.`columns` WHERE TABLE_SCHEMA = 'lyzs' AND table_name = 'fa_team' ORDER BY ORDINAL_POSITION [ RunTime:0.001988s ]
[ 2018-10-17T20:36:32+08:00 ][ sql ] [ SQL ] SELECT * FROM `information_schema`.`columns` WHERE TABLE_SCHEMA = 'lyzs' AND table_name = 'fa_team_door' ORDER BY ORDINAL_POSITION [ RunTime:0.001984s ]
[ 2018-10-17T20:36:32+08:00 ][ sql ] [ DB ] CONNECT:[ UseTime:0.001079s ] mysql:host=127.0.0.1;dbname=lyzs;charset=utf8
[ 2018-10-17T20:36:32+08:00 ][ sql ] [ SQL ] SHOW COLUMNS FROM `fa_auth_rule` [ RunTime:0.001913s ]
[ 2018-10-17T20:36:32+08:00 ][ sql ] [ SQL ] SELECT * FROM `fa_auth_rule` WHERE  `name` = 'team' LIMIT 1 [ RunTime:0.000592s ]
[ 2018-10-17T20:36:32+08:00 ][ sql ] [ SQL ] SELECT * FROM `fa_auth_rule` WHERE  `name` = 'team/team' LIMIT 1 [ RunTime:0.000547s ]
[ 2018-10-17T20:36:32+08:00 ][ sql ] [ SQL ] INSERT INTO `fa_auth_rule` (`pid` , `name` , `title` , `icon` , `remark` , `ismenu` , `status` , `createtime` , `updatetime`) VALUES (169 , 'team/team' , '设计团队' , 'fa fa-circle-o' , '' , 1 , 'normal' , 1539779792 , 1539779792) [ RunTime:0.000643s ]
[ 2018-10-17T20:36:32+08:00 ][ sql ] [ SQL ] SELECT `id` FROM `fa_auth_rule` WHERE  `name` = 'team/team/index' LIMIT 1 [ RunTime:0.000441s ]
[ 2018-10-17T20:36:32+08:00 ][ sql ] [ SQL ] SELECT `id` FROM `fa_auth_rule` WHERE  `name` = 'team/team/add' LIMIT 1 [ RunTime:0.000431s ]
[ 2018-10-17T20:36:32+08:00 ][ sql ] [ SQL ] SELECT `id` FROM `fa_auth_rule` WHERE  `name` = 'team/team/edit' LIMIT 1 [ RunTime:0.000324s ]
[ 2018-10-17T20:36:32+08:00 ][ sql ] [ SQL ] SELECT `id` FROM `fa_auth_rule` WHERE  `name` = 'team/team/del' LIMIT 1 [ RunTime:0.000408s ]
[ 2018-10-17T20:36:32+08:00 ][ sql ] [ SQL ] SELECT `id` FROM `fa_auth_rule` WHERE  `name` = 'team/team/multi' LIMIT 1 [ RunTime:0.000376s ]
[ 2018-10-17T20:36:32+08:00 ][ sql ] [ SQL ] INSERT INTO `fa_auth_rule` (`id` , `pid` , `name` , `icon` , `title` , `ismenu` , `status` , `createtime` , `updatetime`) VALUES (NULL , 182 , 'team/team/index' , 'fa fa-circle-o' , '查看' , 0 , 'normal' , 1539779792 , 1539779792) [ RunTime:0.000441s ]
[ 2018-10-17T20:36:32+08:00 ][ sql ] [ SQL ] INSERT INTO `fa_auth_rule` (`id` , `pid` , `name` , `icon` , `title` , `ismenu` , `status` , `createtime` , `updatetime`) VALUES (NULL , 182 , 'team/team/add' , 'fa fa-circle-o' , '添加' , 0 , 'normal' , 1539779792 , 1539779792) [ RunTime:0.000173s ]
[ 2018-10-17T20:36:32+08:00 ][ sql ] [ SQL ] INSERT INTO `fa_auth_rule` (`id` , `pid` , `name` , `icon` , `title` , `ismenu` , `status` , `createtime` , `updatetime`) VALUES (NULL , 182 , 'team/team/edit' , 'fa fa-circle-o' , '编辑' , 0 , 'normal' , 1539779792 , 1539779792) [ RunTime:0.000178s ]
[ 2018-10-17T20:36:32+08:00 ][ sql ] [ SQL ] INSERT INTO `fa_auth_rule` (`id` , `pid` , `name` , `icon` , `title` , `ismenu` , `status` , `createtime` , `updatetime`) VALUES (NULL , 182 , 'team/team/del' , 'fa fa-circle-o' , '删除' , 0 , 'normal' , 1539779792 , 1539779792) [ RunTime:0.000173s ]
[ 2018-10-17T20:36:32+08:00 ][ sql ] [ SQL ] INSERT INTO `fa_auth_rule` (`id` , `pid` , `name` , `icon` , `title` , `ismenu` , `status` , `createtime` , `updatetime`) VALUES (NULL , 182 , 'team/team/multi' , 'fa fa-circle-o' , '批量更新' , 0 , 'normal' , 1539779792 , 1539779792) [ RunTime:0.000169s ]
