[ 2018-10-18T16:11:23+08:00 ][ sql ] [ DB ] CONNECT:[ UseTime:0.002181s ] mysql:host=127.0.0.1;dbname=lyzs;charset=utf8
[ 2018-10-18T16:11:23+08:00 ][ sql ] [ SQL ] SHOW TABLE STATUS LIKE 'team' [ RunTime:0.001523s ]
[ 2018-10-18T16:11:23+08:00 ][ sql ] [ SQL ] SHOW TABLE STATUS LIKE 'fa_team' [ RunTime:0.002701s ]
[ 2018-10-18T16:12:27+08:00 ][ sql ] [ DB ] CONNECT:[ UseTime:0.001861s ] mysql:host=127.0.0.1;dbname=lyzs;charset=utf8
[ 2018-10-18T16:12:27+08:00 ][ sql ] [ SQL ] SHOW TABLE STATUS LIKE 'team' [ RunTime:0.001053s ]
[ 2018-10-18T16:12:27+08:00 ][ sql ] [ SQL ] SHOW TABLE STATUS LIKE 'fa_team' [ RunTime:0.000779s ]
[ 2018-10-18T16:12:37+08:00 ][ sql ] [ DB ] CONNECT:[ UseTime:0.001258s ] mysql:host=127.0.0.1;dbname=lyzs;charset=utf8
[ 2018-10-18T16:12:37+08:00 ][ sql ] [ SQL ] SHOW TABLE STATUS LIKE 'team' [ RunTime:0.000959s ]
[ 2018-10-18T16:12:37+08:00 ][ sql ] [ SQL ] SHOW TABLE STATUS LIKE 'fa_team' [ RunTime:0.000730s ]
[ 2018-10-18T16:13:06+08:00 ][ sql ] [ DB ] CONNECT:[ UseTime:0.001172s ] mysql:host=127.0.0.1;dbname=lyzs;charset=utf8
[ 2018-10-18T16:13:06+08:00 ][ sql ] [ SQL ] SHOW TABLE STATUS LIKE 'team' [ RunTime:0.000806s ]
[ 2018-10-18T16:13:06+08:00 ][ sql ] [ SQL ] SHOW TABLE STATUS LIKE 'fa_team' [ RunTime:0.000645s ]
[ 2018-10-18T16:13:06+08:00 ][ sql ] [ SQL ] SHOW TABLE STATUS LIKE 'team_door' [ RunTime:0.000568s ]
[ 2018-10-18T16:13:06+08:00 ][ sql ] [ SQL ] SHOW TABLE STATUS LIKE 'fa_team_door' [ RunTime:0.001062s ]
[ 2018-10-18T16:13:06+08:00 ][ sql ] [ SQL ] SELECT * FROM `information_schema`.`columns` WHERE TABLE_SCHEMA = 'lyzs' AND table_name = 'fa_team' ORDER BY ORDINAL_POSITION [ RunTime:0.002414s ]
[ 2018-10-18T16:13:06+08:00 ][ sql ] [ SQL ] SELECT * FROM `information_schema`.`columns` WHERE TABLE_SCHEMA = 'lyzs' AND table_name = 'fa_team_door' ORDER BY ORDINAL_POSITION [ RunTime:0.001904s ]
[ 2018-10-18T16:13:06+08:00 ][ sql ] [ DB ] CONNECT:[ UseTime:0.001455s ] mysql:host=127.0.0.1;dbname=lyzs;charset=utf8
[ 2018-10-18T16:13:06+08:00 ][ sql ] [ SQL ] SHOW COLUMNS FROM `fa_auth_rule` [ RunTime:0.001934s ]
[ 2018-10-18T16:13:06+08:00 ][ sql ] [ SQL ] SELECT * FROM `fa_auth_rule` WHERE  `name` = 'team' LIMIT 1 [ RunTime:0.000628s ]
[ 2018-10-18T16:13:06+08:00 ][ sql ] [ SQL ] SELECT * FROM `fa_auth_rule` WHERE  `name` = 'team/team' LIMIT 1 [ RunTime:0.000582s ]
[ 2018-10-18T16:13:06+08:00 ][ sql ] [ SQL ] SELECT `id` FROM `fa_auth_rule` WHERE  `name` = 'team/team/index' LIMIT 1 [ RunTime:0.000457s ]
[ 2018-10-18T16:13:06+08:00 ][ sql ] [ SQL ] SELECT `id` FROM `fa_auth_rule` WHERE  `name` = 'team/team/add' LIMIT 1 [ RunTime:0.000409s ]
[ 2018-10-18T16:13:06+08:00 ][ sql ] [ SQL ] SELECT `id` FROM `fa_auth_rule` WHERE  `name` = 'team/team/edit' LIMIT 1 [ RunTime:0.000450s ]
[ 2018-10-18T16:13:06+08:00 ][ sql ] [ SQL ] SELECT `id` FROM `fa_auth_rule` WHERE  `name` = 'team/team/del' LIMIT 1 [ RunTime:0.000427s ]
[ 2018-10-18T16:13:06+08:00 ][ sql ] [ SQL ] SELECT `id` FROM `fa_auth_rule` WHERE  `name` = 'team/team/multi' LIMIT 1 [ RunTime:0.000486s ]
[ 2018-10-18T16:13:06+08:00 ][ sql ] [ SQL ] UPDATE `fa_auth_rule`  SET `pid`=182,`name`='team/team/index',`icon`='fa fa-circle-o',`title`='查看',`ismenu`=0,`status`='normal',`updatetime`=1539850386  WHERE  `id` = 183 [ RunTime:0.000524s ]
[ 2018-10-18T16:13:06+08:00 ][ sql ] [ SQL ] UPDATE `fa_auth_rule`  SET `pid`=182,`name`='team/team/add',`icon`='fa fa-circle-o',`title`='添加',`ismenu`=0,`status`='normal',`updatetime`=1539850386  WHERE  `id` = 184 [ RunTime:0.000217s ]
[ 2018-10-18T16:13:06+08:00 ][ sql ] [ SQL ] UPDATE `fa_auth_rule`  SET `pid`=182,`name`='team/team/edit',`icon`='fa fa-circle-o',`title`='编辑',`ismenu`=0,`status`='normal',`updatetime`=1539850386  WHERE  `id` = 185 [ RunTime:0.000235s ]
[ 2018-10-18T16:13:06+08:00 ][ sql ] [ SQL ] UPDATE `fa_auth_rule`  SET `pid`=182,`name`='team/team/del',`icon`='fa fa-circle-o',`title`='删除',`ismenu`=0,`status`='normal',`updatetime`=1539850386  WHERE  `id` = 186 [ RunTime:0.000220s ]
[ 2018-10-18T16:13:06+08:00 ][ sql ] [ SQL ] UPDATE `fa_auth_rule`  SET `pid`=182,`name`='team/team/multi',`icon`='fa fa-circle-o',`title`='批量更新',`ismenu`=0,`status`='normal',`updatetime`=1539850386  WHERE  `id` = 187 [ RunTime:0.000208s ]
[ 2018-10-18T16:13:14+08:00 ][ sql ] [ DB ] CONNECT:[ UseTime:0.001282s ] mysql:host=127.0.0.1;dbname=lyzs;charset=utf8
[ 2018-10-18T16:13:14+08:00 ][ sql ] [ SQL ] SHOW TABLE STATUS LIKE 'team' [ RunTime:0.000890s ]
[ 2018-10-18T16:13:14+08:00 ][ sql ] [ SQL ] SHOW TABLE STATUS LIKE 'fa_team' [ RunTime:0.000871s ]
[ 2018-10-18T16:13:14+08:00 ][ sql ] [ SQL ] SHOW TABLE STATUS LIKE 'team_door' [ RunTime:0.000627s ]
[ 2018-10-18T16:13:14+08:00 ][ sql ] [ SQL ] SHOW TABLE STATUS LIKE 'fa_team_door' [ RunTime:0.000685s ]
[ 2018-10-18T20:25:35+08:00 ][ info ] [ BEHAVIOR ] Run Closure @app_init [ RunTime:0.001755s ]
[ info ] [ LOG ] INIT File
[ 2018-10-18T20:25:35+08:00 ][ info ] [ CACHE ] INIT File
[ 2018-10-18T20:25:35+08:00 ][ info ] [ BEHAVIOR ] Run Closure @app_init [ RunTime:0.001769s ]
[ 2018-10-18T20:25:35+08:00 ][ info ] [ DB ] INIT mysql
[ 2018-10-18T20:25:35+08:00 ][ sql ] [ DB ] CONNECT:[ UseTime:0.001556s ] mysql:host=127.0.0.1;dbname=lyzs;charset=utf8
[ 2018-10-18T20:25:35+08:00 ][ sql ] [ SQL ] SHOW TABLE STATUS LIKE 'team' [ RunTime:0.001008s ]
[ 2018-10-18T20:25:35+08:00 ][ sql ] [ SQL ] SHOW TABLE STATUS LIKE 'fa_team' [ RunTime:0.000677s ]
