---------------------------------------------------------------
[ 2018-10-19T08:50:56+08:00 ] 127.0.0.1 GET /index/user/login.html
[ info ] www.lyadmin.me/index/user/login.html [运行时间：0.289290s][吞吐率：3.46req/s] [内存消耗：3,304.27kb] [文件加载：69]
[ info ] [ BEHAVIOR ] Run Closure @app_init [ RunTime:0.000534s ]
[ info ] [ CACHE ] INIT File
[ info ] [ BEHAVIOR ] Run Closure @app_init [ RunTime:0.006311s ]
[ info ] [ LANG ] /Users/zhongwu/code/chenrj/fastadmin/thinkphp/lang/zh-cn.php
[ info ] [ ROUTE ] array (
  'type' => 'module',
  'module' => 
  array (
    0 => 'index',
    1 => 'user',
    2 => 'login',
  ),
)
[ info ] [ HEADER ] array (
  'socketlog' => 'SocketLog(tabid=677&client_id=)',
  'cookie' => 'thinkphp_show_page_trace=0|0; PHPSESSID=hnn38o0h0b1dh2n7kma893d4u0; think_var=zh-cn; thinkphp_show_page_trace=0|0; Hm_lvt_f8d0a8c400404989e195270b0bbf060a=1539742401; Hm_lpvt_f8d0a8c400404989e195270b0bbf060a=1539867272',
  'accept-language' => 'zh-CN,zh;q=0.9,en;q=0.8,vi;q=0.7',
  'accept-encoding' => 'gzip, deflate',
  'referer' => 'http://www.lyadmin.me/example/d2/s3.html',
  'accept' => 'text/html,application/xhtml+xml,application/xml;q=0.9,image/webp,image/apng,*/*;q=0.8',
  'user-agent' => 'Mozilla/5.0 (Macintosh; Intel Mac OS X 10_12_6) AppleWebKit/537.36 (KHTML, like Gecko) Chrome/62.0.3202.89 Safari/537.36',
  'upgrade-insecure-requests' => '1',
  'cache-control' => 'no-cache',
  'pragma' => 'no-cache',
  'connection' => 'keep-alive',
  'host' => 'www.lyadmin.me',
  'content-length' => '',
  'content-type' => '',
)
[ info ] [ PARAM ] array (
)
[ info ] [ LANG ] /Users/zhongwu/code/chenrj/fastadmin/public/../application/index/lang/zh-cn.php
[ info ] [ BEHAVIOR ] Run app\common\behavior\Common @module_init [ RunTime:0.004713s ]
[ info ] [ LANG ] /Users/zhongwu/code/chenrj/fastadmin/public/../application/index/lang/zh-cn/user.php
[ info ] [ RUN ] app\index\controller\User->login[ /Users/zhongwu/code/chenrj/fastadmin/application/index/controller/User.php ]
[ info ] [ VIEW ] /Users/zhongwu/code/chenrj/fastadmin/public/../application/index/view/user/login.html [ array (
  0 => 'user',
  1 => 'site',
  2 => 'config',
  3 => 'url',
  4 => 'title',
) ]
[ info ] [ SESSION ] INIT array (
  'id' => '',
  'var_session_id' => '',
  'prefix' => 'think',
  'type' => '',
  'auto_start' => true,
)
[ info ] [ LOG ] INIT File
