---------------------------------------------------------------
[ 2018-11-15T12:14:59+08:00 ] 127.0.0.1 GET /index/index/index
[ info ] www.lyadmin.me/index/index/index [运行时间：0.691027s][吞吐率：1.45req/s] [内存消耗：4,133.00kb] [文件加载：75]
[ info ] [ BEHAVIOR ] Run Closure @app_init [ RunTime:0.000975s ]
[ info ] [ CACHE ] INIT File
[ info ] [ BEHAVIOR ] Run Closure @app_init [ RunTime:0.037448s ]
[ info ] [ LANG ] /Users/zhongwu/code/chenrj/fastadmin/thinkphp/lang/zh-cn.php
[ info ] [ ROUTE ] array (
  'type' => 'module',
  'module' => 
  array (
    0 => 'index',
    1 => 'index',
    2 => 'index',
  ),
)
[ info ] [ HEADER ] array (
  'socketlog' => 'SocketLog(tabid=102&client_id=)',
  'cookie' => 'thinkphp_show_page_trace=0|0; Hm_lvt_f8d0a8c400404989e195270b0bbf060a=1539742401; thinkphp_show_page_trace=0|0; _pk_id.1.456e=bcc42cf5d01f9456.1541746490.1.1541746830.1541746490.',
  'accept-language' => 'zh-CN,zh;q=0.9,en;q=0.8,vi;q=0.7',
  'accept-encoding' => 'gzip, deflate',
  'accept' => 'text/html,application/xhtml+xml,application/xml;q=0.9,image/webp,image/apng,*/*;q=0.8',
  'upgrade-insecure-requests' => '1',
  'user-agent' => 'Mozilla/5.0 (Macintosh; Intel Mac OS X 10_12_6) AppleWebKit/537.36 (KHTML, like Gecko) Chrome/62.0.3202.89 Safari/537.36',
  'cache-control' => 'max-age=0',
  'connection' => 'keep-alive',
  'host' => 'www.lyadmin.me',
  'content-length' => '',
  'content-type' => '',
)
[ info ] [ PARAM ] array (
)
[ info ] [ LANG ] /Users/zhongwu/code/chenrj/fastadmin/public/../application/index/lang/zh-cn.php
[ info ] [ BEHAVIOR ] Run app\common\behavior\Common @module_init [ RunTime:0.038608s ]
[ info ] [ DB ] INIT mysql
[ info ] [ LANG ] /Users/zhongwu/code/chenrj/fastadmin/public/../application/index/lang/zh-cn/index.php
[ info ] [ RUN ] app\index\controller\Index->index[ /Users/zhongwu/code/chenrj/fastadmin/application/index/controller/Index.php ]
[ info ] [ VIEW ] template/lingyi/index/index.html [ array (
  0 => 'user',
  1 => 'site',
  2 => 'menu',
  3 => 'config',
  4 => 'title',
) ]
[ info ] [ LOG ] INIT File
[ sql ] [ DB ] CONNECT:[ UseTime:0.062849s ] mysql:host=127.0.0.1;dbname=lyzs;charset=utf8
[ sql ] [ SQL ] SHOW COLUMNS FROM `fa_category` [ RunTime:0.019401s ]
[ sql ] [ SQL ] SELECT `id`,`url`,`name`,`keywords`,`description` FROM `fa_category` WHERE  `status` = '1' ORDER BY `weigh` DESC [ RunTime:0.001132s ]
[ sql ] [ SQL ] SHOW COLUMNS FROM `fa_link` [ RunTime:0.004949s ]
[ sql ] [ SQL ] SELECT * FROM `fa_link` ORDER BY `weigh` DESC [ RunTime:0.000773s ]
---------------------------------------------------------------
[ 2018-11-15T12:15:00+08:00 ] 127.0.0.1 GET /assets/css/fonts/glyphicons-halflings-regular.woff2
[ info ] www.lyadmin.me/assets/css/fonts/glyphicons-halflings-regular.woff2 [运行时间：0.170931s][吞吐率：5.85req/s] [内存消耗：2,096.98kb] [文件加载：54]
[ info ] [ BEHAVIOR ] Run Closure @app_init [ RunTime:0.000446s ]
[ info ] [ CACHE ] INIT File
[ info ] [ BEHAVIOR ] Run Closure @app_init [ RunTime:0.016425s ]
[ info ] [ LANG ] /Users/zhongwu/code/chenrj/fastadmin/thinkphp/lang/zh-cn.php
[ info ] [ ROUTE ] array (
  'type' => 'module',
  'module' => 
  array (
    0 => 'assets',
    1 => 'css',
    2 => 'fonts',
  ),
)
[ info ] [ HEADER ] array (
  'socketlog' => 'SocketLog(tabid=102&client_id=)',
  'cookie' => 'Hm_lvt_f8d0a8c400404989e195270b0bbf060a=1539742401; thinkphp_show_page_trace=0|0; _pk_id.1.456e=bcc42cf5d01f9456.1541746490.1.1541746830.1541746490.',
  'accept-language' => 'zh-CN,zh;q=0.9,en;q=0.8,vi;q=0.7',
  'accept-encoding' => 'gzip, deflate',
  'referer' => 'http://www.lyadmin.me/assets/css/frontend/bootstrap.min.css',
  'accept' => '*/*',
  'user-agent' => 'Mozilla/5.0 (Macintosh; Intel Mac OS X 10_12_6) AppleWebKit/537.36 (KHTML, like Gecko) Chrome/62.0.3202.89 Safari/537.36',
  'origin' => 'http://www.lyadmin.me',
  'connection' => 'keep-alive',
  'host' => 'www.lyadmin.me',
  'content-length' => '',
  'content-type' => '',
)
[ info ] [ PARAM ] array (
)
[ info ] [ LOG ] INIT File
---------------------------------------------------------------
[ 2018-11-15T12:15:00+08:00 ] 127.0.0.1 GET /assets/css/fonts/glyphicons-halflings-regular.woff
[ info ] www.lyadmin.me/assets/css/fonts/glyphicons-halflings-regular.woff [运行时间：0.064487s][吞吐率：15.51req/s] [内存消耗：2,096.98kb] [文件加载：54]
[ info ] [ BEHAVIOR ] Run Closure @app_init [ RunTime:0.000198s ]
[ info ] [ CACHE ] INIT File
[ info ] [ BEHAVIOR ] Run Closure @app_init [ RunTime:0.004186s ]
[ info ] [ LANG ] /Users/zhongwu/code/chenrj/fastadmin/thinkphp/lang/zh-cn.php
[ info ] [ ROUTE ] array (
  'type' => 'module',
  'module' => 
  array (
    0 => 'assets',
    1 => 'css',
    2 => 'fonts',
  ),
)
[ info ] [ HEADER ] array (
  'socketlog' => 'SocketLog(tabid=102&client_id=)',
  'cookie' => 'Hm_lvt_f8d0a8c400404989e195270b0bbf060a=1539742401; thinkphp_show_page_trace=0|0; _pk_id.1.456e=bcc42cf5d01f9456.1541746490.1.1541746830.1541746490.',
  'accept-language' => 'zh-CN,zh;q=0.9,en;q=0.8,vi;q=0.7',
  'accept-encoding' => 'gzip, deflate',
  'referer' => 'http://www.lyadmin.me/assets/css/frontend/bootstrap.min.css',
  'accept' => '*/*',
  'user-agent' => 'Mozilla/5.0 (Macintosh; Intel Mac OS X 10_12_6) AppleWebKit/537.36 (KHTML, like Gecko) Chrome/62.0.3202.89 Safari/537.36',
  'origin' => 'http://www.lyadmin.me',
  'connection' => 'keep-alive',
  'host' => 'www.lyadmin.me',
  'content-length' => '',
  'content-type' => '',
)
[ info ] [ PARAM ] array (
)
[ info ] [ LOG ] INIT File
---------------------------------------------------------------
[ 2018-11-15T12:15:00+08:00 ] 127.0.0.1 GET /assets/css/fonts/glyphicons-halflings-regular.ttf
[ info ] www.lyadmin.me/assets/css/fonts/glyphicons-halflings-regular.ttf [运行时间：0.056656s][吞吐率：17.65req/s] [内存消耗：2,096.98kb] [文件加载：54]
[ info ] [ BEHAVIOR ] Run Closure @app_init [ RunTime:0.000199s ]
[ info ] [ CACHE ] INIT File
[ info ] [ BEHAVIOR ] Run Closure @app_init [ RunTime:0.006737s ]
[ info ] [ LANG ] /Users/zhongwu/code/chenrj/fastadmin/thinkphp/lang/zh-cn.php
[ info ] [ ROUTE ] array (
  'type' => 'module',
  'module' => 
  array (
    0 => 'assets',
    1 => 'css',
    2 => 'fonts',
  ),
)
[ info ] [ HEADER ] array (
  'socketlog' => 'SocketLog(tabid=102&client_id=)',
  'cookie' => 'Hm_lvt_f8d0a8c400404989e195270b0bbf060a=1539742401; thinkphp_show_page_trace=0|0; _pk_id.1.456e=bcc42cf5d01f9456.1541746490.1.1541746830.1541746490.',
  'accept-language' => 'zh-CN,zh;q=0.9,en;q=0.8,vi;q=0.7',
  'accept-encoding' => 'gzip, deflate',
  'referer' => 'http://www.lyadmin.me/assets/css/frontend/bootstrap.min.css',
  'accept' => '*/*',
  'user-agent' => 'Mozilla/5.0 (Macintosh; Intel Mac OS X 10_12_6) AppleWebKit/537.36 (KHTML, like Gecko) Chrome/62.0.3202.89 Safari/537.36',
  'origin' => 'http://www.lyadmin.me',
  'connection' => 'keep-alive',
  'host' => 'www.lyadmin.me',
  'content-length' => '',
  'content-type' => '',
)
[ info ] [ PARAM ] array (
)
[ info ] [ LOG ] INIT File
